2024-03-27 10:18:51,737 INFO o.a.j.u.JMeterUtils: Setting Locale to en_EN
2024-03-27 10:18:51,750 INFO o.a.j.JMeter: Loading user properties from: user.properties
2024-03-27 10:18:51,751 INFO o.a.j.JMeter: Loading system properties from: system.properties
2024-03-27 10:18:51,757 INFO o.a.j.JMeter: Copyright (c) 1998-2024 The Apache Software Foundation
2024-03-27 10:18:51,757 INFO o.a.j.JMeter: Version 5.6.3
2024-03-27 10:18:51,757 INFO o.a.j.JMeter: java.version=1.8.0_331
2024-03-27 10:18:51,757 INFO o.a.j.JMeter: java.vm.name=Java HotSpot(TM) Client VM
2024-03-27 10:18:51,757 INFO o.a.j.JMeter: os.name=Windows 10
2024-03-27 10:18:51,757 INFO o.a.j.JMeter: os.arch=x86
2024-03-27 10:18:51,757 INFO o.a.j.JMeter: os.version=10.0
2024-03-27 10:18:51,758 INFO o.a.j.JMeter: file.encoding=Cp1252
2024-03-27 10:18:51,758 INFO o.a.j.JMeter: java.awt.headless=null
2024-03-27 10:18:51,758 INFO o.a.j.JMeter: Max memory     =1073741824
2024-03-27 10:18:51,758 INFO o.a.j.JMeter: Available Processors =12
2024-03-27 10:18:51,762 INFO o.a.j.JMeter: Default Locale=English (EN)
2024-03-27 10:18:51,762 INFO o.a.j.JMeter: JMeter  Locale=English (EN)
2024-03-27 10:18:51,762 INFO o.a.j.JMeter: JMeterHome=C:\Users\Sandoval\Desktop\jmeter\apache-jmeter-5.6.3
2024-03-27 10:18:51,762 INFO o.a.j.JMeter: user.dir  =C:\Users\Sandoval\Desktop\jmeter\apache-jmeter-5.6.3\bin
2024-03-27 10:18:51,763 INFO o.a.j.JMeter: PWD       =C:\Users\Sandoval\Desktop\jmeter\apache-jmeter-5.6.3\bin
2024-03-27 10:18:51,764 INFO o.a.j.JMeter: IP: 10.105.0.96 Name: DESKTOP-44EC0DN FullName: DESKTOP-44EC0DN
2024-03-27 10:18:51,782 INFO o.a.j.JMeter: Loaded icon properties from org/apache/jmeter/images/icon.properties
2024-03-27 10:18:51,958 INFO o.a.j.JMeterGuiLauncher: Setting LAF to: com.github.weisj.darklaf.DarkLaf:com.github.weisj.darklaf.theme.IntelliJTheme
2024-03-27 10:18:53,162 INFO o.a.j.r.ClassFinder: Will scan jar C:\Users\Sandoval\Desktop\jmeter\apache-jmeter-5.6.3\lib\ext\jmeter-plugins-manager-1.10.jar with filter ExtendsClassFilter [parents=[interface org.apache.jmeter.gui.action.Command], inner=false, contains=null, notContains=null]. Consider exposing JMeter plugins via META-INF/services, and add JMeter-Skip-Class-Scanning=true manifest attribute so JMeter can skip classfile scanning
2024-03-27 10:18:53,282 INFO o.a.j.r.ClassFinder: Will scan jar C:\Users\Sandoval\Desktop\jmeter\apache-jmeter-5.6.3\lib\ext\jmeter-bzm-hls-3.1.jar with filter ExtendsClassFilter [parents=[interface org.apache.jmeter.gui.action.Command], inner=false, contains=null, notContains=null]. Consider exposing JMeter plugins via META-INF/services, and add JMeter-Skip-Class-Scanning=true manifest attribute so JMeter can skip classfile scanning
2024-03-27 10:18:53,303 INFO o.a.j.r.ClassFinder: Will scan jar C:\Users\Sandoval\Desktop\jmeter\apache-jmeter-5.6.3\lib\ext\jmeter-plugins-casutg-2.10.jar with filter ExtendsClassFilter [parents=[interface org.apache.jmeter.gui.action.Command], inner=false, contains=null, notContains=null]. Consider exposing JMeter plugins via META-INF/services, and add JMeter-Skip-Class-Scanning=true manifest attribute so JMeter can skip classfile scanning
2024-03-27 10:18:53,321 INFO o.a.j.r.ClassFinder: Will scan jar C:\Users\Sandoval\Desktop\jmeter\apache-jmeter-5.6.3\lib\ext\jmeter-bzm-http2-1.6.2.jar with filter ExtendsClassFilter [parents=[interface org.apache.jmeter.gui.action.Command], inner=false, contains=null, notContains=null]. Consider exposing JMeter plugins via META-INF/services, and add JMeter-Skip-Class-Scanning=true manifest attribute so JMeter can skip classfile scanning
2024-03-27 10:18:53,336 INFO o.a.j.r.ClassFinder: Will scan jar C:\Users\Sandoval\Desktop\jmeter\apache-jmeter-5.6.3\lib\ext\jmeter-bzm-rte-3.3.jar with filter ExtendsClassFilter [parents=[interface org.apache.jmeter.gui.action.Command], inner=false, contains=null, notContains=null]. Consider exposing JMeter plugins via META-INF/services, and add JMeter-Skip-Class-Scanning=true manifest attribute so JMeter can skip classfile scanning
2024-03-27 10:18:53,386 INFO o.a.j.r.ClassFinder: Will scan jar C:\Users\Sandoval\Desktop\jmeter\apache-jmeter-5.6.3\lib\ext\jmeter-plugins-senseuploader-3.5.jar with filter ExtendsClassFilter [parents=[interface org.apache.jmeter.gui.action.Command], inner=false, contains=null, notContains=null]. Consider exposing JMeter plugins via META-INF/services, and add JMeter-Skip-Class-Scanning=true manifest attribute so JMeter can skip classfile scanning
2024-03-27 10:18:53,396 INFO o.a.j.r.ClassFinder: Will scan jar C:\Users\Sandoval\Desktop\jmeter\apache-jmeter-5.6.3\lib\ext\bzm-repositories-plugin-1.2.jar with filter ExtendsClassFilter [parents=[interface org.apache.jmeter.gui.action.Command], inner=false, contains=null, notContains=null]. Consider exposing JMeter plugins via META-INF/services, and add JMeter-Skip-Class-Scanning=true manifest attribute so JMeter can skip classfile scanning
2024-03-27 10:18:53,417 INFO o.a.j.r.ClassFinder: Will scan jar C:\Users\Sandoval\Desktop\jmeter\apache-jmeter-5.6.3\lib\ext\jmeter-bzm-http2-2.0.5.jar with filter ExtendsClassFilter [parents=[interface org.apache.jmeter.gui.action.Command], inner=false, contains=null, notContains=null]. Consider exposing JMeter plugins via META-INF/services, and add JMeter-Skip-Class-Scanning=true manifest attribute so JMeter can skip classfile scanning
2024-03-27 10:18:53,432 INFO o.a.j.r.ClassFinder: Will scan jar C:\Users\Sandoval\Desktop\jmeter\apache-jmeter-5.6.3\lib\ext\jmeter-debugger-0.6.jar with filter ExtendsClassFilter [parents=[interface org.apache.jmeter.gui.action.Command], inner=false, contains=null, notContains=null]. Consider exposing JMeter plugins via META-INF/services, and add JMeter-Skip-Class-Scanning=true manifest attribute so JMeter can skip classfile scanning
2024-03-27 10:18:53,452 INFO o.a.j.r.ClassFinder: Will scan jar C:\Users\Sandoval\Desktop\jmeter\apache-jmeter-5.6.3\lib\ext\jmeter-bzm-correlation-recorder-2.3.jar with filter ExtendsClassFilter [parents=[interface org.apache.jmeter.gui.action.Command], inner=false, contains=null, notContains=null]. Consider exposing JMeter plugins via META-INF/services, and add JMeter-Skip-Class-Scanning=true manifest attribute so JMeter can skip classfile scanning
2024-03-27 10:18:53,527 INFO o.a.j.r.ClassFinder: Will scan jar C:\Users\Sandoval\Desktop\jmeter\apache-jmeter-5.6.3\lib\ext\citrix-jmeter-0.7.7.jar with filter ExtendsClassFilter [parents=[interface org.apache.jmeter.gui.action.Command], inner=false, contains=null, notContains=null]. Consider exposing JMeter plugins via META-INF/services, and add JMeter-Skip-Class-Scanning=true manifest attribute so JMeter can skip classfile scanning
2024-03-27 10:18:54,304 INFO o.a.j.r.ClassFinder: Will scan jar C:\Users\Sandoval\Desktop\jmeter\apache-jmeter-5.6.3\lib\ext\jmeter-plugins-manager-1.10.jar with filter ExtendsClassFilter [parents=[interface org.apache.jmeter.gui.plugin.MenuCreator], inner=false, contains=null, notContains=null]. Consider exposing JMeter plugins via META-INF/services, and add JMeter-Skip-Class-Scanning=true manifest attribute so JMeter can skip classfile scanning
2024-03-27 10:18:54,306 INFO o.a.j.r.ClassFinder: Will scan jar C:\Users\Sandoval\Desktop\jmeter\apache-jmeter-5.6.3\lib\ext\jmeter-bzm-hls-3.1.jar with filter ExtendsClassFilter [parents=[interface org.apache.jmeter.gui.plugin.MenuCreator], inner=false, contains=null, notContains=null]. Consider exposing JMeter plugins via META-INF/services, and add JMeter-Skip-Class-Scanning=true manifest attribute so JMeter can skip classfile scanning
2024-03-27 10:18:54,307 INFO o.a.j.r.ClassFinder: Will scan jar C:\Users\Sandoval\Desktop\jmeter\apache-jmeter-5.6.3\lib\ext\jmeter-plugins-casutg-2.10.jar with filter ExtendsClassFilter [parents=[interface org.apache.jmeter.gui.plugin.MenuCreator], inner=false, contains=null, notContains=null]. Consider exposing JMeter plugins via META-INF/services, and add JMeter-Skip-Class-Scanning=true manifest attribute so JMeter can skip classfile scanning
2024-03-27 10:18:54,309 INFO o.a.j.r.ClassFinder: Will scan jar C:\Users\Sandoval\Desktop\jmeter\apache-jmeter-5.6.3\lib\ext\jmeter-bzm-http2-1.6.2.jar with filter ExtendsClassFilter [parents=[interface org.apache.jmeter.gui.plugin.MenuCreator], inner=false, contains=null, notContains=null]. Consider exposing JMeter plugins via META-INF/services, and add JMeter-Skip-Class-Scanning=true manifest attribute so JMeter can skip classfile scanning
2024-03-27 10:18:54,311 INFO o.a.j.r.ClassFinder: Will scan jar C:\Users\Sandoval\Desktop\jmeter\apache-jmeter-5.6.3\lib\ext\jmeter-bzm-rte-3.3.jar with filter ExtendsClassFilter [parents=[interface org.apache.jmeter.gui.plugin.MenuCreator], inner=false, contains=null, notContains=null]. Consider exposing JMeter plugins via META-INF/services, and add JMeter-Skip-Class-Scanning=true manifest attribute so JMeter can skip classfile scanning
2024-03-27 10:18:54,312 INFO o.a.j.r.ClassFinder: Will scan jar C:\Users\Sandoval\Desktop\jmeter\apache-jmeter-5.6.3\lib\ext\jmeter-plugins-senseuploader-3.5.jar with filter ExtendsClassFilter [parents=[interface org.apache.jmeter.gui.plugin.MenuCreator], inner=false, contains=null, notContains=null]. Consider exposing JMeter plugins via META-INF/services, and add JMeter-Skip-Class-Scanning=true manifest attribute so JMeter can skip classfile scanning
2024-03-27 10:18:54,312 INFO o.a.j.r.ClassFinder: Will scan jar C:\Users\Sandoval\Desktop\jmeter\apache-jmeter-5.6.3\lib\ext\bzm-repositories-plugin-1.2.jar with filter ExtendsClassFilter [parents=[interface org.apache.jmeter.gui.plugin.MenuCreator], inner=false, contains=null, notContains=null]. Consider exposing JMeter plugins via META-INF/services, and add JMeter-Skip-Class-Scanning=true manifest attribute so JMeter can skip classfile scanning
2024-03-27 10:18:54,316 INFO o.a.j.r.ClassFinder: Will scan jar C:\Users\Sandoval\Desktop\jmeter\apache-jmeter-5.6.3\lib\ext\jmeter-bzm-http2-2.0.5.jar with filter ExtendsClassFilter [parents=[interface org.apache.jmeter.gui.plugin.MenuCreator], inner=false, contains=null, notContains=null]. Consider exposing JMeter plugins via META-INF/services, and add JMeter-Skip-Class-Scanning=true manifest attribute so JMeter can skip classfile scanning
2024-03-27 10:18:54,319 INFO o.a.j.r.ClassFinder: Will scan jar C:\Users\Sandoval\Desktop\jmeter\apache-jmeter-5.6.3\lib\ext\jmeter-debugger-0.6.jar with filter ExtendsClassFilter [parents=[interface org.apache.jmeter.gui.plugin.MenuCreator], inner=false, contains=null, notContains=null]. Consider exposing JMeter plugins via META-INF/services, and add JMeter-Skip-Class-Scanning=true manifest attribute so JMeter can skip classfile scanning
2024-03-27 10:18:54,319 INFO o.a.j.r.ClassFinder: Will scan jar C:\Users\Sandoval\Desktop\jmeter\apache-jmeter-5.6.3\lib\ext\jmeter-bzm-correlation-recorder-2.3.jar with filter ExtendsClassFilter [parents=[interface org.apache.jmeter.gui.plugin.MenuCreator], inner=false, contains=null, notContains=null]. Consider exposing JMeter plugins via META-INF/services, and add JMeter-Skip-Class-Scanning=true manifest attribute so JMeter can skip classfile scanning
2024-03-27 10:18:54,321 INFO o.a.j.r.ClassFinder: Will scan jar C:\Users\Sandoval\Desktop\jmeter\apache-jmeter-5.6.3\lib\ext\citrix-jmeter-0.7.7.jar with filter ExtendsClassFilter [parents=[interface org.apache.jmeter.gui.plugin.MenuCreator], inner=false, contains=null, notContains=null]. Consider exposing JMeter plugins via META-INF/services, and add JMeter-Skip-Class-Scanning=true manifest attribute so JMeter can skip classfile scanning
2024-03-27 10:18:54,388 WARN o.j.r.PluginManager: Found JAR conflict: C:\Users\Sandoval\Desktop\jmeter\apache-jmeter-5.6.3\lib\ext\jmeter-bzm-http2-2.0.5.jar and C:\Users\Sandoval\Desktop\jmeter\apache-jmeter-5.6.3\lib\ext\jmeter-bzm-http2-1.6.2.jar
2024-03-27 10:18:55,003 INFO o.j.r.JARSourceHTTP: Found cached repo
2024-03-27 10:18:55,244 INFO o.j.r.PluginManager: Plugins Status: [bzm-jmeter-citrix-plugin=0.7.7, bzm-siebel=2.3, bzm-hls=3.1, bzm-http2-legacy=1.6.2, bzm-http2=2.0.5, bzm-rte=3.3, bzm-repositories=1.2, blazemeter-debugger=0.6, jpgc-sense=3.5, jpgc-casutg=2.10, jpgc-plugins-manager=1.10, jmeter-core=5.6.3, jmeter-ftp=5.6.3, jmeter-http=5.6.3, jmeter-jdbc=5.6.3, jmeter-jms=5.6.3, jmeter-junit=5.6.3, jmeter-java=5.6.3, jmeter-ldap=5.6.3, jmeter-mail=5.6.3, jmeter-mongodb=5.6.3, jmeter-native=5.6.3, jmeter-tcp=5.6.3, jmeter-components=5.6.3]
2024-03-27 10:18:57,533 INFO c.b.j.c.i.CitrixInstaller: Checking registry key in HKLM path:SOFTWARE\Wow6432Node\Citrix\Dazzle, key:Version
2024-03-27 10:19:09,065 WARN c.b.j.c.u.CitrixUtils: ERROR! Resource string not found: [when_the_application_starts,_press_the_button]
2024-03-27 10:19:09,116 INFO c.b.j.c.r.g.TemplateUpdater: Checking if we need to refresh XML template file C:\Users\Sandoval\Desktop\jmeter\apache-jmeter-5.6.3\bin\templates/bzmCitrixTemplate.xml
2024-03-27 10:19:09,117 INFO c.b.j.c.r.g.TemplateUpdater: Checking if we need to refresh JMX template file C:\Users\Sandoval\Desktop\jmeter\apache-jmeter-5.6.3\bin\templates/citrixRecordingTemplate.jmx
2024-03-27 10:19:09,121 INFO o.a.j.g.a.t.TemplateManager: Reading templates from: C:\Users\Sandoval\Desktop\jmeter\apache-jmeter-5.6.3\bin\templates\templates.xml
2024-03-27 10:19:09,136 INFO c.b.j.c.r.g.TemplateUpdater: Registering template Template [isTestPlan=true, name=BlazeMeter Citrix Recording, fileName=/bin/templates/citrixRecordingTemplate.jmx, description=
        <h1>Template you can use to record a Citrix application called through ICA Client</h1>
        <p>This template is provided by Citrix Plugin which allows load testing Citrix Applications.<br/>
        Ensure you read Pre-requisites and User Manual before using the plugin. See <b>Useful links</b> below.
        Once the new plan is created update configuration properties on the Citrix Recorder element.
        </p>
        <h2>Useful links</h2>
            <ul>
                <li><a href="https://github.com/Blazemeter/CitrixPlugin/blob/master/PRE_REQUISITES.md" >Pre-requisites</a></li>
                <li><a href="https://github.com/Blazemeter/CitrixPlugin/blob/master/SETUP.md" >Setup</a></li>
                <li><a href="https://github.com/Blazemeter/CitrixPlugin/blob/master/README.md" >User manual</a></li>
                <li><a href="https://github.com/Blazemeter/CitrixPlugin/blob/master/TROUBLESHOOTING.md" >Troubleshooting</a></li>
            </ul>
        , parameters=null]
2024-03-27 10:19:09,214 INFO c.b.j.c.c.t.LocalConfiguration: Installing default files
2024-03-27 10:19:09,228 INFO c.b.j.c.c.t.LocalConfiguration: bzm - Correlation Recorder Test Plan Template installed
2024-03-27 10:19:09,230 INFO c.b.j.c.c.t.LocalConfiguration: Siebel Correlation's Template installed
2024-03-27 10:19:09,231 INFO c.b.j.c.c.t.LocalConfiguration: correlation.properties file loaded
2024-03-27 10:19:09,485 INFO o.a.j.e.KeyToolUtils: keytool found at 'keytool'
2024-03-27 10:19:09,486 INFO o.a.j.p.h.p.ProxyControl: HTTP(S) Test Script Recorder SSL Proxy will use keys that support embedded 3rd party resources in file C:\Users\Sandoval\Desktop\jmeter\apache-jmeter-5.6.3\bin\proxyserver.jks
2024-03-27 10:19:09,642 INFO o.a.j.p.h.s.HTTPSamplerBase: Parser for text/html is org.apache.jmeter.protocol.http.parser.LagartoBasedHtmlParser
2024-03-27 10:19:09,642 INFO o.a.j.p.h.s.HTTPSamplerBase: Parser for application/xhtml+xml is org.apache.jmeter.protocol.http.parser.LagartoBasedHtmlParser
2024-03-27 10:19:09,642 INFO o.a.j.p.h.s.HTTPSamplerBase: Parser for application/xml is org.apache.jmeter.protocol.http.parser.LagartoBasedHtmlParser
2024-03-27 10:19:09,642 INFO o.a.j.p.h.s.HTTPSamplerBase: Parser for text/xml is org.apache.jmeter.protocol.http.parser.LagartoBasedHtmlParser
2024-03-27 10:19:09,642 INFO o.a.j.p.h.s.HTTPSamplerBase: Parser for text/vnd.wap.wml is org.apache.jmeter.protocol.http.parser.RegexpHTMLParser
2024-03-27 10:19:09,643 INFO o.a.j.p.h.s.HTTPSamplerBase: Parser for text/css is org.apache.jmeter.protocol.http.parser.CssParser
2024-03-27 10:19:09,858 INFO o.a.j.s.SaveService: Testplan (JMX) version: 2.2. Testlog (JTL) version: 2.2
2024-03-27 10:19:09,871 INFO o.a.j.s.SaveService: Using SaveService properties file encoding UTF-8
2024-03-27 10:19:09,872 INFO o.a.j.s.SaveService: Using SaveService properties version 5.0
2024-03-27 10:19:10,003 WARN o.a.j.u.JMeterUtils: no icon for toolbar/19x19arrow-right-3.png
2024-03-27 10:19:10,008 INFO o.a.j.s.SampleResult: Note: Sample TimeStamps are START times
2024-03-27 10:19:10,008 INFO o.a.j.s.SampleResult: sampleresult.default.encoding is set to UTF-8
2024-03-27 10:19:10,008 INFO o.a.j.s.SampleResult: sampleresult.useNanoTime=true
2024-03-27 10:19:10,008 INFO o.a.j.s.SampleResult: sampleresult.nanoThreadSleep=5000
2024-03-27 10:19:10,206 INFO o.a.j.r.ClassFinder: Will scan jar C:\Users\Sandoval\Desktop\jmeter\apache-jmeter-5.6.3\lib\ext\jmeter-plugins-manager-1.10.jar with filter ExtendsClassFilter [parents=[interface org.apache.jmeter.visualizers.RequestView], inner=false, contains=null, notContains=null]. Consider exposing JMeter plugins via META-INF/services, and add JMeter-Skip-Class-Scanning=true manifest attribute so JMeter can skip classfile scanning
2024-03-27 10:19:10,208 INFO o.a.j.r.ClassFinder: Will scan jar C:\Users\Sandoval\Desktop\jmeter\apache-jmeter-5.6.3\lib\ext\jmeter-bzm-hls-3.1.jar with filter ExtendsClassFilter [parents=[interface org.apache.jmeter.visualizers.RequestView], inner=false, contains=null, notContains=null]. Consider exposing JMeter plugins via META-INF/services, and add JMeter-Skip-Class-Scanning=true manifest attribute so JMeter can skip classfile scanning
2024-03-27 10:19:10,209 INFO o.a.j.r.ClassFinder: Will scan jar C:\Users\Sandoval\Desktop\jmeter\apache-jmeter-5.6.3\lib\ext\jmeter-plugins-casutg-2.10.jar with filter ExtendsClassFilter [parents=[interface org.apache.jmeter.visualizers.RequestView], inner=false, contains=null, notContains=null]. Consider exposing JMeter plugins via META-INF/services, and add JMeter-Skip-Class-Scanning=true manifest attribute so JMeter can skip classfile scanning
2024-03-27 10:19:10,212 INFO o.a.j.r.ClassFinder: Will scan jar C:\Users\Sandoval\Desktop\jmeter\apache-jmeter-5.6.3\lib\ext\jmeter-bzm-http2-1.6.2.jar with filter ExtendsClassFilter [parents=[interface org.apache.jmeter.visualizers.RequestView], inner=false, contains=null, notContains=null]. Consider exposing JMeter plugins via META-INF/services, and add JMeter-Skip-Class-Scanning=true manifest attribute so JMeter can skip classfile scanning
2024-03-27 10:19:10,214 INFO o.a.j.r.ClassFinder: Will scan jar C:\Users\Sandoval\Desktop\jmeter\apache-jmeter-5.6.3\lib\ext\jmeter-bzm-rte-3.3.jar with filter ExtendsClassFilter [parents=[interface org.apache.jmeter.visualizers.RequestView], inner=false, contains=null, notContains=null]. Consider exposing JMeter plugins via META-INF/services, and add JMeter-Skip-Class-Scanning=true manifest attribute so JMeter can skip classfile scanning
2024-03-27 10:19:10,215 INFO o.a.j.r.ClassFinder: Will scan jar C:\Users\Sandoval\Desktop\jmeter\apache-jmeter-5.6.3\lib\ext\jmeter-plugins-senseuploader-3.5.jar with filter ExtendsClassFilter [parents=[interface org.apache.jmeter.visualizers.RequestView], inner=false, contains=null, notContains=null]. Consider exposing JMeter plugins via META-INF/services, and add JMeter-Skip-Class-Scanning=true manifest attribute so JMeter can skip classfile scanning
2024-03-27 10:19:10,215 INFO o.a.j.r.ClassFinder: Will scan jar C:\Users\Sandoval\Desktop\jmeter\apache-jmeter-5.6.3\lib\ext\bzm-repositories-plugin-1.2.jar with filter ExtendsClassFilter [parents=[interface org.apache.jmeter.visualizers.RequestView], inner=false, contains=null, notContains=null]. Consider exposing JMeter plugins via META-INF/services, and add JMeter-Skip-Class-Scanning=true manifest attribute so JMeter can skip classfile scanning
2024-03-27 10:19:10,219 INFO o.a.j.r.ClassFinder: Will scan jar C:\Users\Sandoval\Desktop\jmeter\apache-jmeter-5.6.3\lib\ext\jmeter-bzm-http2-2.0.5.jar with filter ExtendsClassFilter [parents=[interface org.apache.jmeter.visualizers.RequestView], inner=false, contains=null, notContains=null]. Consider exposing JMeter plugins via META-INF/services, and add JMeter-Skip-Class-Scanning=true manifest attribute so JMeter can skip classfile scanning
2024-03-27 10:19:10,222 INFO o.a.j.r.ClassFinder: Will scan jar C:\Users\Sandoval\Desktop\jmeter\apache-jmeter-5.6.3\lib\ext\jmeter-debugger-0.6.jar with filter ExtendsClassFilter [parents=[interface org.apache.jmeter.visualizers.RequestView], inner=false, contains=null, notContains=null]. Consider exposing JMeter plugins via META-INF/services, and add JMeter-Skip-Class-Scanning=true manifest attribute so JMeter can skip classfile scanning
2024-03-27 10:19:10,222 INFO o.a.j.r.ClassFinder: Will scan jar C:\Users\Sandoval\Desktop\jmeter\apache-jmeter-5.6.3\lib\ext\jmeter-bzm-correlation-recorder-2.3.jar with filter ExtendsClassFilter [parents=[interface org.apache.jmeter.visualizers.RequestView], inner=false, contains=null, notContains=null]. Consider exposing JMeter plugins via META-INF/services, and add JMeter-Skip-Class-Scanning=true manifest attribute so JMeter can skip classfile scanning
2024-03-27 10:19:10,224 INFO o.a.j.r.ClassFinder: Will scan jar C:\Users\Sandoval\Desktop\jmeter\apache-jmeter-5.6.3\lib\ext\citrix-jmeter-0.7.7.jar with filter ExtendsClassFilter [parents=[interface org.apache.jmeter.visualizers.RequestView], inner=false, contains=null, notContains=null]. Consider exposing JMeter plugins via META-INF/services, and add JMeter-Skip-Class-Scanning=true manifest attribute so JMeter can skip classfile scanning
2024-03-27 10:19:14,371 INFO o.a.j.s.FileServer: Default base='C:\Users\Sandoval\Desktop\jmeter\apache-jmeter-5.6.3\bin'
2024-03-27 10:19:14,373 INFO o.a.j.g.a.Load: Loading file: C:\Users\Sandoval\Downloads\APTURNERA-1888-5000.jmx
2024-03-27 10:19:14,373 INFO o.a.j.s.FileServer: Set new base='C:\Users\Sandoval\Downloads'
2024-03-27 10:19:14,373 INFO o.a.j.s.SaveService: Loading file: C:\Users\Sandoval\Downloads\APTURNERA-1888-5000.jmx
2024-03-27 10:19:14,532 INFO o.a.j.p.h.c.CookieManager: Settings: Delete null: true Check: true Allow variable: true Save: false Prefix: COOKIE_
2024-03-27 10:19:15,042 INFO o.a.j.r.ClassFinder: Will scan jar C:\Users\Sandoval\Desktop\jmeter\apache-jmeter-5.6.3\lib\ext\jmeter-plugins-manager-1.10.jar with filter ExtendsClassFilter [parents=[interface org.apache.jmeter.visualizers.ResultRenderer], inner=false, contains=null, notContains=null]. Consider exposing JMeter plugins via META-INF/services, and add JMeter-Skip-Class-Scanning=true manifest attribute so JMeter can skip classfile scanning
2024-03-27 10:19:15,044 INFO o.a.j.r.ClassFinder: Will scan jar C:\Users\Sandoval\Desktop\jmeter\apache-jmeter-5.6.3\lib\ext\jmeter-bzm-hls-3.1.jar with filter ExtendsClassFilter [parents=[interface org.apache.jmeter.visualizers.ResultRenderer], inner=false, contains=null, notContains=null]. Consider exposing JMeter plugins via META-INF/services, and add JMeter-Skip-Class-Scanning=true manifest attribute so JMeter can skip classfile scanning
2024-03-27 10:19:15,045 INFO o.a.j.r.ClassFinder: Will scan jar C:\Users\Sandoval\Desktop\jmeter\apache-jmeter-5.6.3\lib\ext\jmeter-plugins-casutg-2.10.jar with filter ExtendsClassFilter [parents=[interface org.apache.jmeter.visualizers.ResultRenderer], inner=false, contains=null, notContains=null]. Consider exposing JMeter plugins via META-INF/services, and add JMeter-Skip-Class-Scanning=true manifest attribute so JMeter can skip classfile scanning
2024-03-27 10:19:15,047 INFO o.a.j.r.ClassFinder: Will scan jar C:\Users\Sandoval\Desktop\jmeter\apache-jmeter-5.6.3\lib\ext\jmeter-bzm-http2-1.6.2.jar with filter ExtendsClassFilter [parents=[interface org.apache.jmeter.visualizers.ResultRenderer], inner=false, contains=null, notContains=null]. Consider exposing JMeter plugins via META-INF/services, and add JMeter-Skip-Class-Scanning=true manifest attribute so JMeter can skip classfile scanning
2024-03-27 10:19:15,049 INFO o.a.j.r.ClassFinder: Will scan jar C:\Users\Sandoval\Desktop\jmeter\apache-jmeter-5.6.3\lib\ext\jmeter-bzm-rte-3.3.jar with filter ExtendsClassFilter [parents=[interface org.apache.jmeter.visualizers.ResultRenderer], inner=false, contains=null, notContains=null]. Consider exposing JMeter plugins via META-INF/services, and add JMeter-Skip-Class-Scanning=true manifest attribute so JMeter can skip classfile scanning
2024-03-27 10:19:15,050 INFO o.a.j.r.ClassFinder: Will scan jar C:\Users\Sandoval\Desktop\jmeter\apache-jmeter-5.6.3\lib\ext\jmeter-plugins-senseuploader-3.5.jar with filter ExtendsClassFilter [parents=[interface org.apache.jmeter.visualizers.ResultRenderer], inner=false, contains=null, notContains=null]. Consider exposing JMeter plugins via META-INF/services, and add JMeter-Skip-Class-Scanning=true manifest attribute so JMeter can skip classfile scanning
2024-03-27 10:19:15,050 INFO o.a.j.r.ClassFinder: Will scan jar C:\Users\Sandoval\Desktop\jmeter\apache-jmeter-5.6.3\lib\ext\bzm-repositories-plugin-1.2.jar with filter ExtendsClassFilter [parents=[interface org.apache.jmeter.visualizers.ResultRenderer], inner=false, contains=null, notContains=null]. Consider exposing JMeter plugins via META-INF/services, and add JMeter-Skip-Class-Scanning=true manifest attribute so JMeter can skip classfile scanning
2024-03-27 10:19:15,054 INFO o.a.j.r.ClassFinder: Will scan jar C:\Users\Sandoval\Desktop\jmeter\apache-jmeter-5.6.3\lib\ext\jmeter-bzm-http2-2.0.5.jar with filter ExtendsClassFilter [parents=[interface org.apache.jmeter.visualizers.ResultRenderer], inner=false, contains=null, notContains=null]. Consider exposing JMeter plugins via META-INF/services, and add JMeter-Skip-Class-Scanning=true manifest attribute so JMeter can skip classfile scanning
2024-03-27 10:19:15,057 INFO o.a.j.r.ClassFinder: Will scan jar C:\Users\Sandoval\Desktop\jmeter\apache-jmeter-5.6.3\lib\ext\jmeter-debugger-0.6.jar with filter ExtendsClassFilter [parents=[interface org.apache.jmeter.visualizers.ResultRenderer], inner=false, contains=null, notContains=null]. Consider exposing JMeter plugins via META-INF/services, and add JMeter-Skip-Class-Scanning=true manifest attribute so JMeter can skip classfile scanning
2024-03-27 10:19:15,057 INFO o.a.j.r.ClassFinder: Will scan jar C:\Users\Sandoval\Desktop\jmeter\apache-jmeter-5.6.3\lib\ext\jmeter-bzm-correlation-recorder-2.3.jar with filter ExtendsClassFilter [parents=[interface org.apache.jmeter.visualizers.ResultRenderer], inner=false, contains=null, notContains=null]. Consider exposing JMeter plugins via META-INF/services, and add JMeter-Skip-Class-Scanning=true manifest attribute so JMeter can skip classfile scanning
2024-03-27 10:19:15,059 INFO o.a.j.r.ClassFinder: Will scan jar C:\Users\Sandoval\Desktop\jmeter\apache-jmeter-5.6.3\lib\ext\citrix-jmeter-0.7.7.jar with filter ExtendsClassFilter [parents=[interface org.apache.jmeter.visualizers.ResultRenderer], inner=false, contains=null, notContains=null]. Consider exposing JMeter plugins via META-INF/services, and add JMeter-Skip-Class-Scanning=true manifest attribute so JMeter can skip classfile scanning
2024-03-27 10:19:15,083 INFO o.a.j.r.ClassFinder: Will scan jar C:\Users\Sandoval\Desktop\jmeter\apache-jmeter-5.6.3\lib\ext\jmeter-plugins-manager-1.10.jar with filter ExtendsClassFilter [parents=[interface org.apache.jmeter.visualizers.RequestView], inner=false, contains=null, notContains=null]. Consider exposing JMeter plugins via META-INF/services, and add JMeter-Skip-Class-Scanning=true manifest attribute so JMeter can skip classfile scanning
2024-03-27 10:19:15,085 INFO o.a.j.r.ClassFinder: Will scan jar C:\Users\Sandoval\Desktop\jmeter\apache-jmeter-5.6.3\lib\ext\jmeter-bzm-hls-3.1.jar with filter ExtendsClassFilter [parents=[interface org.apache.jmeter.visualizers.RequestView], inner=false, contains=null, notContains=null]. Consider exposing JMeter plugins via META-INF/services, and add JMeter-Skip-Class-Scanning=true manifest attribute so JMeter can skip classfile scanning
2024-03-27 10:19:15,086 INFO o.a.j.r.ClassFinder: Will scan jar C:\Users\Sandoval\Desktop\jmeter\apache-jmeter-5.6.3\lib\ext\jmeter-plugins-casutg-2.10.jar with filter ExtendsClassFilter [parents=[interface org.apache.jmeter.visualizers.RequestView], inner=false, contains=null, notContains=null]. Consider exposing JMeter plugins via META-INF/services, and add JMeter-Skip-Class-Scanning=true manifest attribute so JMeter can skip classfile scanning
2024-03-27 10:19:15,088 INFO o.a.j.r.ClassFinder: Will scan jar C:\Users\Sandoval\Desktop\jmeter\apache-jmeter-5.6.3\lib\ext\jmeter-bzm-http2-1.6.2.jar with filter ExtendsClassFilter [parents=[interface org.apache.jmeter.visualizers.RequestView], inner=false, contains=null, notContains=null]. Consider exposing JMeter plugins via META-INF/services, and add JMeter-Skip-Class-Scanning=true manifest attribute so JMeter can skip classfile scanning
2024-03-27 10:19:15,090 INFO o.a.j.r.ClassFinder: Will scan jar C:\Users\Sandoval\Desktop\jmeter\apache-jmeter-5.6.3\lib\ext\jmeter-bzm-rte-3.3.jar with filter ExtendsClassFilter [parents=[interface org.apache.jmeter.visualizers.RequestView], inner=false, contains=null, notContains=null]. Consider exposing JMeter plugins via META-INF/services, and add JMeter-Skip-Class-Scanning=true manifest attribute so JMeter can skip classfile scanning
2024-03-27 10:19:15,091 INFO o.a.j.r.ClassFinder: Will scan jar C:\Users\Sandoval\Desktop\jmeter\apache-jmeter-5.6.3\lib\ext\jmeter-plugins-senseuploader-3.5.jar with filter ExtendsClassFilter [parents=[interface org.apache.jmeter.visualizers.RequestView], inner=false, contains=null, notContains=null]. Consider exposing JMeter plugins via META-INF/services, and add JMeter-Skip-Class-Scanning=true manifest attribute so JMeter can skip classfile scanning
2024-03-27 10:19:15,091 INFO o.a.j.r.ClassFinder: Will scan jar C:\Users\Sandoval\Desktop\jmeter\apache-jmeter-5.6.3\lib\ext\bzm-repositories-plugin-1.2.jar with filter ExtendsClassFilter [parents=[interface org.apache.jmeter.visualizers.RequestView], inner=false, contains=null, notContains=null]. Consider exposing JMeter plugins via META-INF/services, and add JMeter-Skip-Class-Scanning=true manifest attribute so JMeter can skip classfile scanning
2024-03-27 10:19:15,094 INFO o.a.j.r.ClassFinder: Will scan jar C:\Users\Sandoval\Desktop\jmeter\apache-jmeter-5.6.3\lib\ext\jmeter-bzm-http2-2.0.5.jar with filter ExtendsClassFilter [parents=[interface org.apache.jmeter.visualizers.RequestView], inner=false, contains=null, notContains=null]. Consider exposing JMeter plugins via META-INF/services, and add JMeter-Skip-Class-Scanning=true manifest attribute so JMeter can skip classfile scanning
2024-03-27 10:19:15,097 INFO o.a.j.r.ClassFinder: Will scan jar C:\Users\Sandoval\Desktop\jmeter\apache-jmeter-5.6.3\lib\ext\jmeter-debugger-0.6.jar with filter ExtendsClassFilter [parents=[interface org.apache.jmeter.visualizers.RequestView], inner=false, contains=null, notContains=null]. Consider exposing JMeter plugins via META-INF/services, and add JMeter-Skip-Class-Scanning=true manifest attribute so JMeter can skip classfile scanning
2024-03-27 10:19:15,098 INFO o.a.j.r.ClassFinder: Will scan jar C:\Users\Sandoval\Desktop\jmeter\apache-jmeter-5.6.3\lib\ext\jmeter-bzm-correlation-recorder-2.3.jar with filter ExtendsClassFilter [parents=[interface org.apache.jmeter.visualizers.RequestView], inner=false, contains=null, notContains=null]. Consider exposing JMeter plugins via META-INF/services, and add JMeter-Skip-Class-Scanning=true manifest attribute so JMeter can skip classfile scanning
2024-03-27 10:19:15,100 INFO o.a.j.r.ClassFinder: Will scan jar C:\Users\Sandoval\Desktop\jmeter\apache-jmeter-5.6.3\lib\ext\citrix-jmeter-0.7.7.jar with filter ExtendsClassFilter [parents=[interface org.apache.jmeter.visualizers.RequestView], inner=false, contains=null, notContains=null]. Consider exposing JMeter plugins via META-INF/services, and add JMeter-Skip-Class-Scanning=true manifest attribute so JMeter can skip classfile scanning
2024-03-27 10:19:15,152 INFO o.a.j.e.u.CompoundVariable: Note: Function class names must contain the string: '.functions.'
2024-03-27 10:19:15,152 INFO o.a.j.e.u.CompoundVariable: Note: Function class names must not contain the string: '.gui.'
2024-03-27 10:19:15,407 INFO o.a.j.r.ClassFinder: Will scan jar C:\Users\Sandoval\Desktop\jmeter\apache-jmeter-5.6.3\lib\ext\jmeter-plugins-manager-1.10.jar with filter ExtendsClassFilter [parents=[interface org.apache.jmeter.functions.Function], inner=false, contains=null, notContains=null]. Consider exposing JMeter plugins via META-INF/services, and add JMeter-Skip-Class-Scanning=true manifest attribute so JMeter can skip classfile scanning
2024-03-27 10:19:15,410 INFO o.a.j.r.ClassFinder: Will scan jar C:\Users\Sandoval\Desktop\jmeter\apache-jmeter-5.6.3\lib\ext\jmeter-bzm-hls-3.1.jar with filter ExtendsClassFilter [parents=[interface org.apache.jmeter.functions.Function], inner=false, contains=null, notContains=null]. Consider exposing JMeter plugins via META-INF/services, and add JMeter-Skip-Class-Scanning=true manifest attribute so JMeter can skip classfile scanning
2024-03-27 10:19:15,411 INFO o.a.j.r.ClassFinder: Will scan jar C:\Users\Sandoval\Desktop\jmeter\apache-jmeter-5.6.3\lib\ext\jmeter-plugins-casutg-2.10.jar with filter ExtendsClassFilter [parents=[interface org.apache.jmeter.functions.Function], inner=false, contains=null, notContains=null]. Consider exposing JMeter plugins via META-INF/services, and add JMeter-Skip-Class-Scanning=true manifest attribute so JMeter can skip classfile scanning
2024-03-27 10:19:15,413 INFO o.a.j.r.ClassFinder: Will scan jar C:\Users\Sandoval\Desktop\jmeter\apache-jmeter-5.6.3\lib\ext\jmeter-bzm-http2-1.6.2.jar with filter ExtendsClassFilter [parents=[interface org.apache.jmeter.functions.Function], inner=false, contains=null, notContains=null]. Consider exposing JMeter plugins via META-INF/services, and add JMeter-Skip-Class-Scanning=true manifest attribute so JMeter can skip classfile scanning
2024-03-27 10:19:15,415 INFO o.a.j.r.ClassFinder: Will scan jar C:\Users\Sandoval\Desktop\jmeter\apache-jmeter-5.6.3\lib\ext\jmeter-bzm-rte-3.3.jar with filter ExtendsClassFilter [parents=[interface org.apache.jmeter.functions.Function], inner=false, contains=null, notContains=null]. Consider exposing JMeter plugins via META-INF/services, and add JMeter-Skip-Class-Scanning=true manifest attribute so JMeter can skip classfile scanning
2024-03-27 10:19:15,416 INFO o.a.j.r.ClassFinder: Will scan jar C:\Users\Sandoval\Desktop\jmeter\apache-jmeter-5.6.3\lib\ext\jmeter-plugins-senseuploader-3.5.jar with filter ExtendsClassFilter [parents=[interface org.apache.jmeter.functions.Function], inner=false, contains=null, notContains=null]. Consider exposing JMeter plugins via META-INF/services, and add JMeter-Skip-Class-Scanning=true manifest attribute so JMeter can skip classfile scanning
2024-03-27 10:19:15,417 INFO o.a.j.r.ClassFinder: Will scan jar C:\Users\Sandoval\Desktop\jmeter\apache-jmeter-5.6.3\lib\ext\bzm-repositories-plugin-1.2.jar with filter ExtendsClassFilter [parents=[interface org.apache.jmeter.functions.Function], inner=false, contains=null, notContains=null]. Consider exposing JMeter plugins via META-INF/services, and add JMeter-Skip-Class-Scanning=true manifest attribute so JMeter can skip classfile scanning
2024-03-27 10:19:15,420 INFO o.a.j.r.ClassFinder: Will scan jar C:\Users\Sandoval\Desktop\jmeter\apache-jmeter-5.6.3\lib\ext\jmeter-bzm-http2-2.0.5.jar with filter ExtendsClassFilter [parents=[interface org.apache.jmeter.functions.Function], inner=false, contains=null, notContains=null]. Consider exposing JMeter plugins via META-INF/services, and add JMeter-Skip-Class-Scanning=true manifest attribute so JMeter can skip classfile scanning
2024-03-27 10:19:15,423 INFO o.a.j.r.ClassFinder: Will scan jar C:\Users\Sandoval\Desktop\jmeter\apache-jmeter-5.6.3\lib\ext\jmeter-debugger-0.6.jar with filter ExtendsClassFilter [parents=[interface org.apache.jmeter.functions.Function], inner=false, contains=null, notContains=null]. Consider exposing JMeter plugins via META-INF/services, and add JMeter-Skip-Class-Scanning=true manifest attribute so JMeter can skip classfile scanning
2024-03-27 10:19:15,424 INFO o.a.j.r.ClassFinder: Will scan jar C:\Users\Sandoval\Desktop\jmeter\apache-jmeter-5.6.3\lib\ext\jmeter-bzm-correlation-recorder-2.3.jar with filter ExtendsClassFilter [parents=[interface org.apache.jmeter.functions.Function], inner=false, contains=null, notContains=null]. Consider exposing JMeter plugins via META-INF/services, and add JMeter-Skip-Class-Scanning=true manifest attribute so JMeter can skip classfile scanning
2024-03-27 10:19:15,426 INFO o.a.j.r.ClassFinder: Will scan jar C:\Users\Sandoval\Desktop\jmeter\apache-jmeter-5.6.3\lib\ext\citrix-jmeter-0.7.7.jar with filter ExtendsClassFilter [parents=[interface org.apache.jmeter.functions.Function], inner=false, contains=null, notContains=null]. Consider exposing JMeter plugins via META-INF/services, and add JMeter-Skip-Class-Scanning=true manifest attribute so JMeter can skip classfile scanning
2024-03-27 10:19:15,497 INFO o.a.j.r.ClassFinder: Will scan jar C:\Users\Sandoval\Desktop\jmeter\apache-jmeter-5.6.3\lib\ext\jmeter-plugins-manager-1.10.jar with filter ExtendsClassFilter [parents=[interface org.apache.jmeter.visualizers.ResultRenderer], inner=false, contains=null, notContains=null]. Consider exposing JMeter plugins via META-INF/services, and add JMeter-Skip-Class-Scanning=true manifest attribute so JMeter can skip classfile scanning
2024-03-27 10:19:15,500 INFO o.a.j.r.ClassFinder: Will scan jar C:\Users\Sandoval\Desktop\jmeter\apache-jmeter-5.6.3\lib\ext\jmeter-bzm-hls-3.1.jar with filter ExtendsClassFilter [parents=[interface org.apache.jmeter.visualizers.ResultRenderer], inner=false, contains=null, notContains=null]. Consider exposing JMeter plugins via META-INF/services, and add JMeter-Skip-Class-Scanning=true manifest attribute so JMeter can skip classfile scanning
2024-03-27 10:19:15,501 INFO o.a.j.r.ClassFinder: Will scan jar C:\Users\Sandoval\Desktop\jmeter\apache-jmeter-5.6.3\lib\ext\jmeter-plugins-casutg-2.10.jar with filter ExtendsClassFilter [parents=[interface org.apache.jmeter.visualizers.ResultRenderer], inner=false, contains=null, notContains=null]. Consider exposing JMeter plugins via META-INF/services, and add JMeter-Skip-Class-Scanning=true manifest attribute so JMeter can skip classfile scanning
2024-03-27 10:19:15,503 INFO o.a.j.r.ClassFinder: Will scan jar C:\Users\Sandoval\Desktop\jmeter\apache-jmeter-5.6.3\lib\ext\jmeter-bzm-http2-1.6.2.jar with filter ExtendsClassFilter [parents=[interface org.apache.jmeter.visualizers.ResultRenderer], inner=false, contains=null, notContains=null]. Consider exposing JMeter plugins via META-INF/services, and add JMeter-Skip-Class-Scanning=true manifest attribute so JMeter can skip classfile scanning
2024-03-27 10:19:15,505 INFO o.a.j.r.ClassFinder: Will scan jar C:\Users\Sandoval\Desktop\jmeter\apache-jmeter-5.6.3\lib\ext\jmeter-bzm-rte-3.3.jar with filter ExtendsClassFilter [parents=[interface org.apache.jmeter.visualizers.ResultRenderer], inner=false, contains=null, notContains=null]. Consider exposing JMeter plugins via META-INF/services, and add JMeter-Skip-Class-Scanning=true manifest attribute so JMeter can skip classfile scanning
2024-03-27 10:19:15,506 INFO o.a.j.r.ClassFinder: Will scan jar C:\Users\Sandoval\Desktop\jmeter\apache-jmeter-5.6.3\lib\ext\jmeter-plugins-senseuploader-3.5.jar with filter ExtendsClassFilter [parents=[interface org.apache.jmeter.visualizers.ResultRenderer], inner=false, contains=null, notContains=null]. Consider exposing JMeter plugins via META-INF/services, and add JMeter-Skip-Class-Scanning=true manifest attribute so JMeter can skip classfile scanning
2024-03-27 10:19:15,506 INFO o.a.j.r.ClassFinder: Will scan jar C:\Users\Sandoval\Desktop\jmeter\apache-jmeter-5.6.3\lib\ext\bzm-repositories-plugin-1.2.jar with filter ExtendsClassFilter [parents=[interface org.apache.jmeter.visualizers.ResultRenderer], inner=false, contains=null, notContains=null]. Consider exposing JMeter plugins via META-INF/services, and add JMeter-Skip-Class-Scanning=true manifest attribute so JMeter can skip classfile scanning
2024-03-27 10:19:15,510 INFO o.a.j.r.ClassFinder: Will scan jar C:\Users\Sandoval\Desktop\jmeter\apache-jmeter-5.6.3\lib\ext\jmeter-bzm-http2-2.0.5.jar with filter ExtendsClassFilter [parents=[interface org.apache.jmeter.visualizers.ResultRenderer], inner=false, contains=null, notContains=null]. Consider exposing JMeter plugins via META-INF/services, and add JMeter-Skip-Class-Scanning=true manifest attribute so JMeter can skip classfile scanning
2024-03-27 10:19:15,514 INFO o.a.j.r.ClassFinder: Will scan jar C:\Users\Sandoval\Desktop\jmeter\apache-jmeter-5.6.3\lib\ext\jmeter-debugger-0.6.jar with filter ExtendsClassFilter [parents=[interface org.apache.jmeter.visualizers.ResultRenderer], inner=false, contains=null, notContains=null]. Consider exposing JMeter plugins via META-INF/services, and add JMeter-Skip-Class-Scanning=true manifest attribute so JMeter can skip classfile scanning
2024-03-27 10:19:15,514 INFO o.a.j.r.ClassFinder: Will scan jar C:\Users\Sandoval\Desktop\jmeter\apache-jmeter-5.6.3\lib\ext\jmeter-bzm-correlation-recorder-2.3.jar with filter ExtendsClassFilter [parents=[interface org.apache.jmeter.visualizers.ResultRenderer], inner=false, contains=null, notContains=null]. Consider exposing JMeter plugins via META-INF/services, and add JMeter-Skip-Class-Scanning=true manifest attribute so JMeter can skip classfile scanning
2024-03-27 10:19:15,517 INFO o.a.j.r.ClassFinder: Will scan jar C:\Users\Sandoval\Desktop\jmeter\apache-jmeter-5.6.3\lib\ext\citrix-jmeter-0.7.7.jar with filter ExtendsClassFilter [parents=[interface org.apache.jmeter.visualizers.ResultRenderer], inner=false, contains=null, notContains=null]. Consider exposing JMeter plugins via META-INF/services, and add JMeter-Skip-Class-Scanning=true manifest attribute so JMeter can skip classfile scanning
2024-03-27 10:19:15,546 INFO o.a.j.r.ClassFinder: Will scan jar C:\Users\Sandoval\Desktop\jmeter\apache-jmeter-5.6.3\lib\ext\jmeter-plugins-manager-1.10.jar with filter ExtendsClassFilter [parents=[interface org.apache.jmeter.visualizers.RequestView], inner=false, contains=null, notContains=null]. Consider exposing JMeter plugins via META-INF/services, and add JMeter-Skip-Class-Scanning=true manifest attribute so JMeter can skip classfile scanning
2024-03-27 10:19:15,548 INFO o.a.j.r.ClassFinder: Will scan jar C:\Users\Sandoval\Desktop\jmeter\apache-jmeter-5.6.3\lib\ext\jmeter-bzm-hls-3.1.jar with filter ExtendsClassFilter [parents=[interface org.apache.jmeter.visualizers.RequestView], inner=false, contains=null, notContains=null]. Consider exposing JMeter plugins via META-INF/services, and add JMeter-Skip-Class-Scanning=true manifest attribute so JMeter can skip classfile scanning
2024-03-27 10:19:15,549 INFO o.a.j.r.ClassFinder: Will scan jar C:\Users\Sandoval\Desktop\jmeter\apache-jmeter-5.6.3\lib\ext\jmeter-plugins-casutg-2.10.jar with filter ExtendsClassFilter [parents=[interface org.apache.jmeter.visualizers.RequestView], inner=false, contains=null, notContains=null]. Consider exposing JMeter plugins via META-INF/services, and add JMeter-Skip-Class-Scanning=true manifest attribute so JMeter can skip classfile scanning
2024-03-27 10:19:15,551 INFO o.a.j.r.ClassFinder: Will scan jar C:\Users\Sandoval\Desktop\jmeter\apache-jmeter-5.6.3\lib\ext\jmeter-bzm-http2-1.6.2.jar with filter ExtendsClassFilter [parents=[interface org.apache.jmeter.visualizers.RequestView], inner=false, contains=null, notContains=null]. Consider exposing JMeter plugins via META-INF/services, and add JMeter-Skip-Class-Scanning=true manifest attribute so JMeter can skip classfile scanning
2024-03-27 10:19:15,553 INFO o.a.j.r.ClassFinder: Will scan jar C:\Users\Sandoval\Desktop\jmeter\apache-jmeter-5.6.3\lib\ext\jmeter-bzm-rte-3.3.jar with filter ExtendsClassFilter [parents=[interface org.apache.jmeter.visualizers.RequestView], inner=false, contains=null, notContains=null]. Consider exposing JMeter plugins via META-INF/services, and add JMeter-Skip-Class-Scanning=true manifest attribute so JMeter can skip classfile scanning
2024-03-27 10:19:15,554 INFO o.a.j.r.ClassFinder: Will scan jar C:\Users\Sandoval\Desktop\jmeter\apache-jmeter-5.6.3\lib\ext\jmeter-plugins-senseuploader-3.5.jar with filter ExtendsClassFilter [parents=[interface org.apache.jmeter.visualizers.RequestView], inner=false, contains=null, notContains=null]. Consider exposing JMeter plugins via META-INF/services, and add JMeter-Skip-Class-Scanning=true manifest attribute so JMeter can skip classfile scanning
2024-03-27 10:19:15,554 INFO o.a.j.r.ClassFinder: Will scan jar C:\Users\Sandoval\Desktop\jmeter\apache-jmeter-5.6.3\lib\ext\bzm-repositories-plugin-1.2.jar with filter ExtendsClassFilter [parents=[interface org.apache.jmeter.visualizers.RequestView], inner=false, contains=null, notContains=null]. Consider exposing JMeter plugins via META-INF/services, and add JMeter-Skip-Class-Scanning=true manifest attribute so JMeter can skip classfile scanning
2024-03-27 10:19:15,557 INFO o.a.j.r.ClassFinder: Will scan jar C:\Users\Sandoval\Desktop\jmeter\apache-jmeter-5.6.3\lib\ext\jmeter-bzm-http2-2.0.5.jar with filter ExtendsClassFilter [parents=[interface org.apache.jmeter.visualizers.RequestView], inner=false, contains=null, notContains=null]. Consider exposing JMeter plugins via META-INF/services, and add JMeter-Skip-Class-Scanning=true manifest attribute so JMeter can skip classfile scanning
2024-03-27 10:19:15,560 INFO o.a.j.r.ClassFinder: Will scan jar C:\Users\Sandoval\Desktop\jmeter\apache-jmeter-5.6.3\lib\ext\jmeter-debugger-0.6.jar with filter ExtendsClassFilter [parents=[interface org.apache.jmeter.visualizers.RequestView], inner=false, contains=null, notContains=null]. Consider exposing JMeter plugins via META-INF/services, and add JMeter-Skip-Class-Scanning=true manifest attribute so JMeter can skip classfile scanning
2024-03-27 10:19:15,561 INFO o.a.j.r.ClassFinder: Will scan jar C:\Users\Sandoval\Desktop\jmeter\apache-jmeter-5.6.3\lib\ext\jmeter-bzm-correlation-recorder-2.3.jar with filter ExtendsClassFilter [parents=[interface org.apache.jmeter.visualizers.RequestView], inner=false, contains=null, notContains=null]. Consider exposing JMeter plugins via META-INF/services, and add JMeter-Skip-Class-Scanning=true manifest attribute so JMeter can skip classfile scanning
2024-03-27 10:19:15,563 INFO o.a.j.r.ClassFinder: Will scan jar C:\Users\Sandoval\Desktop\jmeter\apache-jmeter-5.6.3\lib\ext\citrix-jmeter-0.7.7.jar with filter ExtendsClassFilter [parents=[interface org.apache.jmeter.visualizers.RequestView], inner=false, contains=null, notContains=null]. Consider exposing JMeter plugins via META-INF/services, and add JMeter-Skip-Class-Scanning=true manifest attribute so JMeter can skip classfile scanning
2024-03-27 10:19:15,628 INFO o.a.j.r.ClassFinder: Will scan jar C:\Users\Sandoval\Desktop\jmeter\apache-jmeter-5.6.3\lib\ext\jmeter-plugins-manager-1.10.jar with filter ExtendsClassFilter [parents=[interface org.apache.jmeter.visualizers.backend.BackendListenerClient], inner=false, contains=null, notContains=null]. Consider exposing JMeter plugins via META-INF/services, and add JMeter-Skip-Class-Scanning=true manifest attribute so JMeter can skip classfile scanning
2024-03-27 10:19:15,631 INFO o.a.j.r.ClassFinder: Will scan jar C:\Users\Sandoval\Desktop\jmeter\apache-jmeter-5.6.3\lib\ext\jmeter-bzm-hls-3.1.jar with filter ExtendsClassFilter [parents=[interface org.apache.jmeter.visualizers.backend.BackendListenerClient], inner=false, contains=null, notContains=null]. Consider exposing JMeter plugins via META-INF/services, and add JMeter-Skip-Class-Scanning=true manifest attribute so JMeter can skip classfile scanning
2024-03-27 10:19:15,632 INFO o.a.j.r.ClassFinder: Will scan jar C:\Users\Sandoval\Desktop\jmeter\apache-jmeter-5.6.3\lib\ext\jmeter-plugins-casutg-2.10.jar with filter ExtendsClassFilter [parents=[interface org.apache.jmeter.visualizers.backend.BackendListenerClient], inner=false, contains=null, notContains=null]. Consider exposing JMeter plugins via META-INF/services, and add JMeter-Skip-Class-Scanning=true manifest attribute so JMeter can skip classfile scanning
2024-03-27 10:19:15,634 INFO o.a.j.r.ClassFinder: Will scan jar C:\Users\Sandoval\Desktop\jmeter\apache-jmeter-5.6.3\lib\ext\jmeter-bzm-http2-1.6.2.jar with filter ExtendsClassFilter [parents=[interface org.apache.jmeter.visualizers.backend.BackendListenerClient], inner=false, contains=null, notContains=null]. Consider exposing JMeter plugins via META-INF/services, and add JMeter-Skip-Class-Scanning=true manifest attribute so JMeter can skip classfile scanning
2024-03-27 10:19:15,637 INFO o.a.j.r.ClassFinder: Will scan jar C:\Users\Sandoval\Desktop\jmeter\apache-jmeter-5.6.3\lib\ext\jmeter-bzm-rte-3.3.jar with filter ExtendsClassFilter [parents=[interface org.apache.jmeter.visualizers.backend.BackendListenerClient], inner=false, contains=null, notContains=null]. Consider exposing JMeter plugins via META-INF/services, and add JMeter-Skip-Class-Scanning=true manifest attribute so JMeter can skip classfile scanning
2024-03-27 10:19:15,638 INFO o.a.j.r.ClassFinder: Will scan jar C:\Users\Sandoval\Desktop\jmeter\apache-jmeter-5.6.3\lib\ext\jmeter-plugins-senseuploader-3.5.jar with filter ExtendsClassFilter [parents=[interface org.apache.jmeter.visualizers.backend.BackendListenerClient], inner=false, contains=null, notContains=null]. Consider exposing JMeter plugins via META-INF/services, and add JMeter-Skip-Class-Scanning=true manifest attribute so JMeter can skip classfile scanning
2024-03-27 10:19:15,639 INFO o.a.j.r.ClassFinder: Will scan jar C:\Users\Sandoval\Desktop\jmeter\apache-jmeter-5.6.3\lib\ext\bzm-repositories-plugin-1.2.jar with filter ExtendsClassFilter [parents=[interface org.apache.jmeter.visualizers.backend.BackendListenerClient], inner=false, contains=null, notContains=null]. Consider exposing JMeter plugins via META-INF/services, and add JMeter-Skip-Class-Scanning=true manifest attribute so JMeter can skip classfile scanning
2024-03-27 10:19:15,643 INFO o.a.j.r.ClassFinder: Will scan jar C:\Users\Sandoval\Desktop\jmeter\apache-jmeter-5.6.3\lib\ext\jmeter-bzm-http2-2.0.5.jar with filter ExtendsClassFilter [parents=[interface org.apache.jmeter.visualizers.backend.BackendListenerClient], inner=false, contains=null, notContains=null]. Consider exposing JMeter plugins via META-INF/services, and add JMeter-Skip-Class-Scanning=true manifest attribute so JMeter can skip classfile scanning
2024-03-27 10:19:15,647 INFO o.a.j.r.ClassFinder: Will scan jar C:\Users\Sandoval\Desktop\jmeter\apache-jmeter-5.6.3\lib\ext\jmeter-debugger-0.6.jar with filter ExtendsClassFilter [parents=[interface org.apache.jmeter.visualizers.backend.BackendListenerClient], inner=false, contains=null, notContains=null]. Consider exposing JMeter plugins via META-INF/services, and add JMeter-Skip-Class-Scanning=true manifest attribute so JMeter can skip classfile scanning
2024-03-27 10:19:15,648 INFO o.a.j.r.ClassFinder: Will scan jar C:\Users\Sandoval\Desktop\jmeter\apache-jmeter-5.6.3\lib\ext\jmeter-bzm-correlation-recorder-2.3.jar with filter ExtendsClassFilter [parents=[interface org.apache.jmeter.visualizers.backend.BackendListenerClient], inner=false, contains=null, notContains=null]. Consider exposing JMeter plugins via META-INF/services, and add JMeter-Skip-Class-Scanning=true manifest attribute so JMeter can skip classfile scanning
2024-03-27 10:19:15,702 INFO o.a.j.r.ClassFinder: Will scan jar C:\Users\Sandoval\Desktop\jmeter\apache-jmeter-5.6.3\lib\ext\citrix-jmeter-0.7.7.jar with filter ExtendsClassFilter [parents=[interface org.apache.jmeter.visualizers.backend.BackendListenerClient], inner=false, contains=null, notContains=null]. Consider exposing JMeter plugins via META-INF/services, and add JMeter-Skip-Class-Scanning=true manifest attribute so JMeter can skip classfile scanning
2024-03-27 10:19:15,745 INFO o.a.j.s.FileServer: Set new base='C:\Users\Sandoval\Downloads'
2024-03-27 10:20:13,046 INFO o.a.j.e.StandardJMeterEngine: Running the test!
2024-03-27 10:20:13,046 INFO o.a.j.s.SampleEvent: List of sample_variables: []
2024-03-27 10:20:13,046 INFO o.a.j.s.SampleEvent: List of sample_variables: []
2024-03-27 10:20:13,058 INFO o.a.j.v.b.BackendListener: Backend Listener: Starting worker with class: class org.apache.jmeter.visualizers.backend.influxdb.InfluxdbBackendListenerClient and queue capacity: 5000
2024-03-27 10:20:13,059 INFO o.a.j.v.b.BackendListener: Backend Listener: Started  worker with class: class org.apache.jmeter.visualizers.backend.influxdb.InfluxdbBackendListenerClient
2024-03-27 10:20:13,102 INFO o.a.j.g.u.JMeterMenuBar: setRunning(true, *local*)
2024-03-27 10:20:13,120 INFO o.a.j.e.StandardJMeterEngine: Starting ThreadGroup: 1 : bzm - Concurrency Thread Group
2024-03-27 10:20:13,121 INFO o.a.j.e.StandardJMeterEngine: Starting 1 threads for group bzm - Concurrency Thread Group.
2024-03-27 10:20:13,154 INFO o.a.j.e.StandardJMeterEngine: Thread will stop on error
2024-03-27 10:20:13,185 INFO o.a.j.e.StandardJMeterEngine: All thread groups have been started
2024-03-27 10:20:13,185 INFO c.b.j.t.c.ConcurrencyThreadStarter: Start supplying threads
2024-03-27 10:20:17,206 INFO o.a.j.t.JMeterThread: Thread started: bzm - Concurrency Thread Group-ThreadStarter 1-1
2024-03-27 10:20:17,225 INFO o.a.j.p.h.s.HTTPHCAbstractImpl: Local host = DESKTOP-44EC0DN
2024-03-27 10:20:17,235 INFO o.a.j.p.h.s.HTTPHC4Impl: HTTP request retry count = 0
2024-03-27 10:20:17,315 INFO o.a.j.p.h.s.h.LazyLayeredConnectionSocketFactory: Setting up HTTPS TrustAll Socket Factory
2024-03-27 10:20:17,317 INFO o.a.j.u.JsseSSLManager: Using default SSL protocol: TLS
2024-03-27 10:20:17,317 INFO o.a.j.u.JsseSSLManager: SSL session context: per-thread
2024-03-27 10:20:17,331 INFO o.a.j.u.SSLManager: JmeterKeyStore Location:  type JKS
2024-03-27 10:20:17,332 INFO o.a.j.u.SSLManager: KeyStore created OK
2024-03-27 10:20:17,332 WARN o.a.j.u.SSLManager: Keystore file not found, loading empty keystore
2024-03-27 10:20:17,809 INFO o.a.j.u.BeanShellTestElement: El valor del mes actualizado es: 03
2024-03-27 10:20:17,813 INFO o.a.j.u.BeanShellTestElement: El valor del da actualizado es: 27
2024-03-27 10:20:18,019 WARN o.a.j.p.h.s.HTTPSamplerBase: Existing CookieManager HTTP Cookie Manager superseded by HTTP Cookie Manager
2024-03-27 10:20:18,149 WARN o.a.j.p.h.s.HTTPSamplerBase: Existing CookieManager HTTP Cookie Manager superseded by HTTP Cookie Manager
2024-03-27 10:20:18,275 WARN o.a.j.p.h.s.HTTPSamplerBase: Existing CookieManager HTTP Cookie Manager superseded by HTTP Cookie Manager
2024-03-27 10:20:18,311 INFO o.a.j.u.BeanShellTestElement: El valor del mes actualizado es: 03
2024-03-27 10:20:18,316 INFO o.a.j.u.BeanShellTestElement: El valor del da actualizado es: 27
2024-03-27 10:20:18,317 WARN o.a.j.p.h.s.HTTPSamplerBase: Existing CookieManager HTTP Cookie Manager superseded by HTTP Cookie Manager
2024-03-27 10:20:18,570 WARN o.a.j.p.h.s.HTTPSamplerBase: Existing CookieManager HTTP Cookie Manager superseded by HTTP Cookie Manager
2024-03-27 10:20:18,702 WARN o.a.j.p.h.s.HTTPSamplerBase: Existing CookieManager HTTP Cookie Manager superseded by HTTP Cookie Manager
2024-03-27 10:20:18,862 WARN o.a.j.p.h.s.HTTPSamplerBase: Existing CookieManager HTTP Cookie Manager superseded by HTTP Cookie Manager
2024-03-27 10:20:18,907 INFO o.a.j.u.BeanShellTestElement: El valor del mes actualizado es: 03
2024-03-27 10:20:18,911 INFO o.a.j.u.BeanShellTestElement: El valor del da actualizado es: 27
2024-03-27 10:20:18,912 WARN o.a.j.p.h.s.HTTPSamplerBase: Existing CookieManager HTTP Cookie Manager superseded by HTTP Cookie Manager
2024-03-27 10:20:19,125 WARN o.a.j.p.h.s.HTTPSamplerBase: Existing CookieManager HTTP Cookie Manager superseded by HTTP Cookie Manager
2024-03-27 10:20:19,237 WARN o.a.j.p.h.s.HTTPSamplerBase: Existing CookieManager HTTP Cookie Manager superseded by HTTP Cookie Manager
2024-03-27 10:20:19,329 WARN o.a.j.p.h.s.HTTPSamplerBase: Existing CookieManager HTTP Cookie Manager superseded by HTTP Cookie Manager
2024-03-27 10:20:19,379 WARN o.a.j.p.h.s.HTTPSamplerBase: Existing CookieManager HTTP Cookie Manager superseded by HTTP Cookie Manager
2024-03-27 10:20:19,414 INFO o.a.j.u.BeanShellTestElement: El valor del mes actualizado es: 03
2024-03-27 10:20:19,419 INFO o.a.j.u.BeanShellTestElement: El valor del da actualizado es: 27
2024-03-27 10:20:19,419 WARN o.a.j.p.h.s.HTTPSamplerBase: Existing CookieManager HTTP Cookie Manager superseded by HTTP Cookie Manager
2024-03-27 10:20:19,609 WARN o.a.j.p.h.s.HTTPSamplerBase: Existing CookieManager HTTP Cookie Manager superseded by HTTP Cookie Manager
2024-03-27 10:20:19,759 WARN o.a.j.p.h.s.HTTPSamplerBase: Existing CookieManager HTTP Cookie Manager superseded by HTTP Cookie Manager
2024-03-27 10:20:19,868 WARN o.a.j.p.h.s.HTTPSamplerBase: Existing CookieManager HTTP Cookie Manager superseded by HTTP Cookie Manager
2024-03-27 10:20:19,924 WARN o.a.j.p.h.s.HTTPSamplerBase: Existing CookieManager HTTP Cookie Manager superseded by HTTP Cookie Manager
2024-03-27 10:20:19,964 INFO o.a.j.u.BeanShellTestElement: El valor del mes actualizado es: 03
2024-03-27 10:20:19,982 INFO o.a.j.u.BeanShellTestElement: El valor del da actualizado es: 27
2024-03-27 10:20:19,982 WARN o.a.j.p.h.s.HTTPSamplerBase: Existing CookieManager HTTP Cookie Manager superseded by HTTP Cookie Manager
2024-03-27 10:20:20,173 WARN o.a.j.p.h.s.HTTPSamplerBase: Existing CookieManager HTTP Cookie Manager superseded by HTTP Cookie Manager
2024-03-27 10:20:20,299 WARN o.a.j.p.h.s.HTTPSamplerBase: Existing CookieManager HTTP Cookie Manager superseded by HTTP Cookie Manager
2024-03-27 10:20:20,406 WARN o.a.j.p.h.s.HTTPSamplerBase: Existing CookieManager HTTP Cookie Manager superseded by HTTP Cookie Manager
2024-03-27 10:20:20,489 WARN o.a.j.p.h.s.HTTPSamplerBase: Existing CookieManager HTTP Cookie Manager superseded by HTTP Cookie Manager
2024-03-27 10:20:20,556 INFO o.a.j.u.BeanShellTestElement: El valor del mes actualizado es: 03
2024-03-27 10:20:20,560 INFO o.a.j.u.BeanShellTestElement: El valor del da actualizado es: 27
2024-03-27 10:20:20,560 WARN o.a.j.p.h.s.HTTPSamplerBase: Existing CookieManager HTTP Cookie Manager superseded by HTTP Cookie Manager
2024-03-27 10:20:20,656 INFO o.a.j.g.a.Start: Stopping test
2024-03-27 10:20:20,667 INFO c.b.j.t.c.ConcurrencyThreadStarter: Done supplying threads
2024-03-27 10:20:20,667 INFO o.a.j.t.JMeterThread: Stopping: bzm - Concurrency Thread Group-ThreadStarter 1-1
2024-03-27 10:20:20,667 WARN o.a.j.t.JMeterThread: Interrupting: bzm - Concurrency Thread Group-ThreadStarter 1-1 sampler: GET-FindCodigoPaisTelefono
2024-03-27 10:20:20,669 INFO o.a.j.t.JMeterThread: Stop Thread detected by thread: bzm - Concurrency Thread Group-ThreadStarter 1-1
2024-03-27 10:20:20,669 INFO o.a.j.t.JMeterThread: Thread is done: bzm - Concurrency Thread Group-ThreadStarter 1-1
2024-03-27 10:20:20,669 INFO o.a.j.t.JMeterThread: Thread finished: bzm - Concurrency Thread Group-ThreadStarter 1-1
2024-03-27 10:20:20,671 INFO o.a.j.e.StandardJMeterEngine: Notifying test listeners of end of test
2024-03-27 10:20:20,674 INFO o.a.j.v.b.BackendListener: Worker ended
2024-03-27 10:20:20,675 INFO o.a.j.v.b.i.InfluxdbBackendListenerClient: Sending last metrics to InfluxDB
2024-03-27 10:20:20,678 INFO o.a.j.v.b.i.HttpMetricsSender: Destroying 
2024-03-27 10:20:20,698 INFO o.a.j.g.u.JMeterMenuBar: setRunning(false, *local*)
2024-03-27 10:23:06,751 INFO o.a.j.e.StandardJMeterEngine: Running the test!
2024-03-27 10:23:06,751 INFO o.a.j.s.SampleEvent: List of sample_variables: []
2024-03-27 10:23:06,754 INFO o.a.j.v.b.BackendListener: Backend Listener: Starting worker with class: class org.apache.jmeter.visualizers.backend.influxdb.InfluxdbBackendListenerClient and queue capacity: 5000
2024-03-27 10:23:06,754 INFO o.a.j.v.b.BackendListener: Backend Listener: Started  worker with class: class org.apache.jmeter.visualizers.backend.influxdb.InfluxdbBackendListenerClient
2024-03-27 10:23:06,757 INFO o.a.j.g.u.JMeterMenuBar: setRunning(true, *local*)
2024-03-27 10:23:06,901 INFO o.a.j.e.StandardJMeterEngine: Starting ThreadGroup: 1 : bzm - Concurrency Thread Group
2024-03-27 10:23:06,902 INFO o.a.j.e.StandardJMeterEngine: Starting 1 threads for group bzm - Concurrency Thread Group.
2024-03-27 10:23:06,902 INFO o.a.j.e.StandardJMeterEngine: Thread will stop on error
2024-03-27 10:23:06,915 INFO o.a.j.e.StandardJMeterEngine: All thread groups have been started
2024-03-27 10:23:06,915 INFO c.b.j.t.c.ConcurrencyThreadStarter: Start supplying threads
2024-03-27 10:23:06,917 INFO o.a.j.t.JMeterThread: Thread started: bzm - Concurrency Thread Group-ThreadStarter 1-1
2024-03-27 10:23:07,326 INFO o.a.j.u.BeanShellTestElement: El valor del mes actualizado es: 03
2024-03-27 10:23:07,329 INFO o.a.j.u.BeanShellTestElement: El valor del da actualizado es: 27
2024-03-27 10:23:07,824 WARN o.a.j.p.h.s.HTTPSamplerBase: Existing CookieManager HTTP Cookie Manager superseded by HTTP Cookie Manager
2024-03-27 10:23:07,937 WARN o.a.j.p.h.s.HTTPSamplerBase: Existing CookieManager HTTP Cookie Manager superseded by HTTP Cookie Manager
2024-03-27 10:23:08,090 WARN o.a.j.p.h.s.HTTPSamplerBase: Existing CookieManager HTTP Cookie Manager superseded by HTTP Cookie Manager
2024-03-27 10:23:08,130 INFO o.a.j.u.BeanShellTestElement: El valor del mes actualizado es: 03
2024-03-27 10:23:08,135 INFO o.a.j.u.BeanShellTestElement: El valor del da actualizado es: 27
2024-03-27 10:23:08,305 WARN o.a.j.p.h.s.HTTPSamplerBase: Existing CookieManager HTTP Cookie Manager superseded by HTTP Cookie Manager
2024-03-27 10:23:08,349 WARN o.a.j.p.h.s.HTTPSamplerBase: Existing CookieManager HTTP Cookie Manager superseded by HTTP Cookie Manager
2024-03-27 10:23:08,444 WARN o.a.j.p.h.s.HTTPSamplerBase: Existing CookieManager HTTP Cookie Manager superseded by HTTP Cookie Manager
2024-03-27 10:23:08,611 WARN o.a.j.p.h.s.HTTPSamplerBase: Existing CookieManager HTTP Cookie Manager superseded by HTTP Cookie Manager
2024-03-27 10:23:08,651 INFO o.a.j.u.BeanShellTestElement: El valor del mes actualizado es: 03
2024-03-27 10:23:08,655 INFO o.a.j.u.BeanShellTestElement: El valor del da actualizado es: 27
2024-03-27 10:23:08,816 WARN o.a.j.p.h.s.HTTPSamplerBase: Existing CookieManager HTTP Cookie Manager superseded by HTTP Cookie Manager
2024-03-27 10:23:08,850 WARN o.a.j.p.h.s.HTTPSamplerBase: Existing CookieManager HTTP Cookie Manager superseded by HTTP Cookie Manager
2024-03-27 10:23:08,943 WARN o.a.j.p.h.s.HTTPSamplerBase: Existing CookieManager HTTP Cookie Manager superseded by HTTP Cookie Manager
2024-03-27 10:23:09,095 WARN o.a.j.p.h.s.HTTPSamplerBase: Existing CookieManager HTTP Cookie Manager superseded by HTTP Cookie Manager
2024-03-27 10:23:09,138 INFO o.a.j.u.BeanShellTestElement: El valor del mes actualizado es: 03
2024-03-27 10:23:09,142 INFO o.a.j.u.BeanShellTestElement: El valor del da actualizado es: 27
2024-03-27 10:23:09,254 WARN o.a.j.p.h.s.HTTPSamplerBase: Existing CookieManager HTTP Cookie Manager superseded by HTTP Cookie Manager
2024-03-27 10:23:09,300 WARN o.a.j.p.h.s.HTTPSamplerBase: Existing CookieManager HTTP Cookie Manager superseded by HTTP Cookie Manager
2024-03-27 10:23:09,357 WARN o.a.j.p.h.s.HTTPSamplerBase: Existing CookieManager HTTP Cookie Manager superseded by HTTP Cookie Manager
2024-03-27 10:23:09,449 WARN o.a.j.p.h.s.HTTPSamplerBase: Existing CookieManager HTTP Cookie Manager superseded by HTTP Cookie Manager
2024-03-27 10:23:09,606 WARN o.a.j.p.h.s.HTTPSamplerBase: Existing CookieManager HTTP Cookie Manager superseded by HTTP Cookie Manager
2024-03-27 10:23:09,640 INFO o.a.j.u.BeanShellTestElement: El valor del mes actualizado es: 03
2024-03-27 10:23:09,644 INFO o.a.j.u.BeanShellTestElement: El valor del da actualizado es: 27
2024-03-27 10:23:09,765 WARN o.a.j.p.h.s.HTTPSamplerBase: Existing CookieManager HTTP Cookie Manager superseded by HTTP Cookie Manager
2024-03-27 10:23:09,801 WARN o.a.j.p.h.s.HTTPSamplerBase: Existing CookieManager HTTP Cookie Manager superseded by HTTP Cookie Manager
2024-03-27 10:23:09,852 WARN o.a.j.p.h.s.HTTPSamplerBase: Existing CookieManager HTTP Cookie Manager superseded by HTTP Cookie Manager
2024-03-27 10:23:09,939 WARN o.a.j.p.h.s.HTTPSamplerBase: Existing CookieManager HTTP Cookie Manager superseded by HTTP Cookie Manager
2024-03-27 10:23:10,125 WARN o.a.j.p.h.s.HTTPSamplerBase: Existing CookieManager HTTP Cookie Manager superseded by HTTP Cookie Manager
2024-03-27 10:23:10,162 INFO o.a.j.u.BeanShellTestElement: El valor del mes actualizado es: 03
2024-03-27 10:23:10,166 INFO o.a.j.u.BeanShellTestElement: El valor del da actualizado es: 27
2024-03-27 10:23:10,271 WARN o.a.j.p.h.s.HTTPSamplerBase: Existing CookieManager HTTP Cookie Manager superseded by HTTP Cookie Manager
2024-03-27 10:23:10,311 WARN o.a.j.p.h.s.HTTPSamplerBase: Existing CookieManager HTTP Cookie Manager superseded by HTTP Cookie Manager
2024-03-27 10:23:10,351 WARN o.a.j.p.h.s.HTTPSamplerBase: Existing CookieManager HTTP Cookie Manager superseded by HTTP Cookie Manager
2024-03-27 10:23:10,456 WARN o.a.j.p.h.s.HTTPSamplerBase: Existing CookieManager HTTP Cookie Manager superseded by HTTP Cookie Manager
2024-03-27 10:23:10,650 WARN o.a.j.p.h.s.HTTPSamplerBase: Existing CookieManager HTTP Cookie Manager superseded by HTTP Cookie Manager
2024-03-27 10:23:10,697 INFO o.a.j.u.BeanShellTestElement: El valor del mes actualizado es: 03
2024-03-27 10:23:10,702 INFO o.a.j.u.BeanShellTestElement: El valor del da actualizado es: 27
2024-03-27 10:23:10,867 WARN o.a.j.p.h.s.HTTPSamplerBase: Existing CookieManager HTTP Cookie Manager superseded by HTTP Cookie Manager
2024-03-27 10:23:10,921 WARN o.a.j.p.h.s.HTTPSamplerBase: Existing CookieManager HTTP Cookie Manager superseded by HTTP Cookie Manager
2024-03-27 10:23:10,994 WARN o.a.j.p.h.s.HTTPSamplerBase: Existing CookieManager HTTP Cookie Manager superseded by HTTP Cookie Manager
2024-03-27 10:23:11,086 WARN o.a.j.p.h.s.HTTPSamplerBase: Existing CookieManager HTTP Cookie Manager superseded by HTTP Cookie Manager
2024-03-27 10:23:11,217 WARN o.a.j.p.h.s.HTTPSamplerBase: Existing CookieManager HTTP Cookie Manager superseded by HTTP Cookie Manager
2024-03-27 10:23:11,259 INFO o.a.j.u.BeanShellTestElement: El valor del mes actualizado es: 03
2024-03-27 10:23:11,263 INFO o.a.j.u.BeanShellTestElement: El valor del da actualizado es: 27
2024-03-27 10:23:11,340 WARN o.a.j.p.h.s.HTTPSamplerBase: Existing CookieManager HTTP Cookie Manager superseded by HTTP Cookie Manager
2024-03-27 10:23:11,393 WARN o.a.j.p.h.s.HTTPSamplerBase: Existing CookieManager HTTP Cookie Manager superseded by HTTP Cookie Manager
2024-03-27 10:23:11,445 WARN o.a.j.p.h.s.HTTPSamplerBase: Existing CookieManager HTTP Cookie Manager superseded by HTTP Cookie Manager
2024-03-27 10:23:11,490 WARN o.a.j.p.h.s.HTTPSamplerBase: Existing CookieManager HTTP Cookie Manager superseded by HTTP Cookie Manager
2024-03-27 10:23:11,609 WARN o.a.j.p.h.s.HTTPSamplerBase: Existing CookieManager HTTP Cookie Manager superseded by HTTP Cookie Manager
2024-03-27 10:23:11,738 WARN o.a.j.p.h.s.HTTPSamplerBase: Existing CookieManager HTTP Cookie Manager superseded by HTTP Cookie Manager
2024-03-27 10:23:11,782 INFO o.a.j.u.BeanShellTestElement: El valor del mes actualizado es: 03
2024-03-27 10:23:11,785 INFO o.a.j.u.BeanShellTestElement: El valor del da actualizado es: 27
2024-03-27 10:23:11,868 WARN o.a.j.p.h.s.HTTPSamplerBase: Existing CookieManager HTTP Cookie Manager superseded by HTTP Cookie Manager
2024-03-27 10:23:11,917 WARN o.a.j.p.h.s.HTTPSamplerBase: Existing CookieManager HTTP Cookie Manager superseded by HTTP Cookie Manager
2024-03-27 10:23:11,954 WARN o.a.j.p.h.s.HTTPSamplerBase: Existing CookieManager HTTP Cookie Manager superseded by HTTP Cookie Manager
2024-03-27 10:23:12,003 WARN o.a.j.p.h.s.HTTPSamplerBase: Existing CookieManager HTTP Cookie Manager superseded by HTTP Cookie Manager
2024-03-27 10:23:12,100 WARN o.a.j.p.h.s.HTTPSamplerBase: Existing CookieManager HTTP Cookie Manager superseded by HTTP Cookie Manager
2024-03-27 10:23:12,250 WARN o.a.j.p.h.s.HTTPSamplerBase: Existing CookieManager HTTP Cookie Manager superseded by HTTP Cookie Manager
2024-03-27 10:23:12,285 INFO o.a.j.u.BeanShellTestElement: El valor del mes actualizado es: 03
2024-03-27 10:23:12,289 INFO o.a.j.u.BeanShellTestElement: El valor del da actualizado es: 27
2024-03-27 10:23:12,325 WARN o.a.j.p.h.s.HTTPSamplerBase: Existing CookieManager HTTP Cookie Manager superseded by HTTP Cookie Manager
2024-03-27 10:23:12,408 WARN o.a.j.p.h.s.HTTPSamplerBase: Existing CookieManager HTTP Cookie Manager superseded by HTTP Cookie Manager
2024-03-27 10:23:12,454 WARN o.a.j.p.h.s.HTTPSamplerBase: Existing CookieManager HTTP Cookie Manager superseded by HTTP Cookie Manager
2024-03-27 10:23:12,496 WARN o.a.j.p.h.s.HTTPSamplerBase: Existing CookieManager HTTP Cookie Manager superseded by HTTP Cookie Manager
2024-03-27 10:23:12,534 WARN o.a.j.p.h.s.HTTPSamplerBase: Existing CookieManager HTTP Cookie Manager superseded by HTTP Cookie Manager
2024-03-27 10:23:12,640 WARN o.a.j.p.h.s.HTTPSamplerBase: Existing CookieManager HTTP Cookie Manager superseded by HTTP Cookie Manager
2024-03-27 10:23:12,799 WARN o.a.j.p.h.s.HTTPSamplerBase: Existing CookieManager HTTP Cookie Manager superseded by HTTP Cookie Manager
2024-03-27 10:23:12,853 INFO o.a.j.u.BeanShellTestElement: El valor del mes actualizado es: 03
2024-03-27 10:23:12,857 INFO o.a.j.u.BeanShellTestElement: El valor del da actualizado es: 27
2024-03-27 10:23:12,857 WARN o.a.j.p.h.s.HTTPSamplerBase: Existing CookieManager HTTP Cookie Manager superseded by HTTP Cookie Manager
2024-03-27 10:23:12,939 WARN o.a.j.p.h.s.HTTPSamplerBase: Existing CookieManager HTTP Cookie Manager superseded by HTTP Cookie Manager
2024-03-27 10:23:12,977 INFO c.b.j.t.c.ConcurrencyThreadStarter: Done supplying threads
2024-03-27 10:23:13,007 INFO o.a.j.t.JMeterThread: Thread is done: bzm - Concurrency Thread Group-ThreadStarter 1-1
2024-03-27 10:23:13,008 INFO o.a.j.t.JMeterThread: Thread finished: bzm - Concurrency Thread Group-ThreadStarter 1-1
2024-03-27 10:23:13,008 INFO o.a.j.e.StandardJMeterEngine: Notifying test listeners of end of test
2024-03-27 10:23:13,009 INFO o.a.j.v.b.BackendListener: Worker ended
2024-03-27 10:23:13,009 INFO o.a.j.v.b.i.InfluxdbBackendListenerClient: Sending last metrics to InfluxDB
2024-03-27 10:23:13,013 INFO o.a.j.v.b.i.HttpMetricsSender: Destroying 
2024-03-27 10:23:13,029 INFO o.a.j.g.u.JMeterMenuBar: setRunning(false, *local*)
