2024-06-12 13:17:54,285 INFO o.a.j.u.JMeterUtils: Setting Locale to en_EN
2024-06-12 13:17:54,309 INFO o.a.j.JMeter: Loading user properties from: C:\Users\Sandoval\Desktop\jmeter\apache-jmeter-5.6.3\bin\user.properties
2024-06-12 13:17:54,309 INFO o.a.j.JMeter: Loading system properties from: C:\Users\Sandoval\Desktop\jmeter\apache-jmeter-5.6.3\bin\system.properties
2024-06-12 13:17:54,317 INFO o.a.j.JMeter: Copyright (c) 1998-2024 The Apache Software Foundation
2024-06-12 13:17:54,317 INFO o.a.j.JMeter: Version 5.6.3
2024-06-12 13:17:54,317 INFO o.a.j.JMeter: java.version=22.0.1
2024-06-12 13:17:54,317 INFO o.a.j.JMeter: java.vm.name=Java HotSpot(TM) 64-Bit Server VM
2024-06-12 13:17:54,317 INFO o.a.j.JMeter: os.name=Windows 10
2024-06-12 13:17:54,318 INFO o.a.j.JMeter: os.arch=amd64
2024-06-12 13:17:54,318 INFO o.a.j.JMeter: os.version=10.0
2024-06-12 13:17:54,318 INFO o.a.j.JMeter: file.encoding=UTF-8
2024-06-12 13:17:54,318 INFO o.a.j.JMeter: java.awt.headless=null
2024-06-12 13:17:54,318 INFO o.a.j.JMeter: Max memory     =1073741824
2024-06-12 13:17:54,318 INFO o.a.j.JMeter: Available Processors =12
2024-06-12 13:17:54,331 INFO o.a.j.JMeter: Default Locale=English (EN)
2024-06-12 13:17:54,331 INFO o.a.j.JMeter: JMeter  Locale=English (EN)
2024-06-12 13:17:54,332 INFO o.a.j.JMeter: JMeterHome=C:\Users\Sandoval\Desktop\jmeter\apache-jmeter-5.6.3
2024-06-12 13:17:54,332 INFO o.a.j.JMeter: user.dir  =C:\Users\Sandoval\Desktop\jmeter\epidata
2024-06-12 13:17:54,332 INFO o.a.j.JMeter: PWD       =C:\Users\Sandoval\Desktop\jmeter\epidata
2024-06-12 13:17:58,882 INFO o.a.j.JMeter: IP: 192.168.56.1 Name: DESKTOP-44EC0DN FullName: DESKTOP-44EC0DN
2024-06-12 13:17:58,923 INFO o.a.j.JMeter: Loaded icon properties from org/apache/jmeter/images/icon.properties
2024-06-12 13:17:59,174 INFO o.a.j.JMeterGuiLauncher: Setting LAF to: com.github.weisj.darklaf.DarkLaf:com.github.weisj.darklaf.theme.DarculaTheme
2024-06-12 13:18:00,620 INFO o.a.j.r.ClassFinder: Will scan jar C:\Users\Sandoval\Desktop\jmeter\apache-jmeter-5.6.3\lib\ext\jmeter-plugins-manager-1.10.jar with filter ExtendsClassFilter [parents=[interface org.apache.jmeter.gui.action.Command], inner=false, contains=null, notContains=null]. Consider exposing JMeter plugins via META-INF/services, and add JMeter-Skip-Class-Scanning=true manifest attribute so JMeter can skip classfile scanning
2024-06-12 13:18:00,756 INFO o.a.j.r.ClassFinder: Will scan jar C:\Users\Sandoval\Desktop\jmeter\apache-jmeter-5.6.3\lib\ext\jmeter-bzm-hls-3.1.jar with filter ExtendsClassFilter [parents=[interface org.apache.jmeter.gui.action.Command], inner=false, contains=null, notContains=null]. Consider exposing JMeter plugins via META-INF/services, and add JMeter-Skip-Class-Scanning=true manifest attribute so JMeter can skip classfile scanning
2024-06-12 13:18:00,774 INFO o.a.j.r.ClassFinder: Will scan jar C:\Users\Sandoval\Desktop\jmeter\apache-jmeter-5.6.3\lib\ext\jmeter-plugins-casutg-2.10.jar with filter ExtendsClassFilter [parents=[interface org.apache.jmeter.gui.action.Command], inner=false, contains=null, notContains=null]. Consider exposing JMeter plugins via META-INF/services, and add JMeter-Skip-Class-Scanning=true manifest attribute so JMeter can skip classfile scanning
2024-06-12 13:18:00,791 INFO o.a.j.r.ClassFinder: Will scan jar C:\Users\Sandoval\Desktop\jmeter\apache-jmeter-5.6.3\lib\ext\jmeter-bzm-http2-1.6.2.jar with filter ExtendsClassFilter [parents=[interface org.apache.jmeter.gui.action.Command], inner=false, contains=null, notContains=null]. Consider exposing JMeter plugins via META-INF/services, and add JMeter-Skip-Class-Scanning=true manifest attribute so JMeter can skip classfile scanning
2024-06-12 13:18:00,803 INFO o.a.j.r.ClassFinder: Will scan jar C:\Users\Sandoval\Desktop\jmeter\apache-jmeter-5.6.3\lib\ext\jmeter-bzm-rte-3.3.jar with filter ExtendsClassFilter [parents=[interface org.apache.jmeter.gui.action.Command], inner=false, contains=null, notContains=null]. Consider exposing JMeter plugins via META-INF/services, and add JMeter-Skip-Class-Scanning=true manifest attribute so JMeter can skip classfile scanning
2024-06-12 13:18:00,844 INFO o.a.j.r.ClassFinder: Will scan jar C:\Users\Sandoval\Desktop\jmeter\apache-jmeter-5.6.3\lib\ext\jmeter-plugins-senseuploader-3.5.jar with filter ExtendsClassFilter [parents=[interface org.apache.jmeter.gui.action.Command], inner=false, contains=null, notContains=null]. Consider exposing JMeter plugins via META-INF/services, and add JMeter-Skip-Class-Scanning=true manifest attribute so JMeter can skip classfile scanning
2024-06-12 13:18:00,855 INFO o.a.j.r.ClassFinder: Will scan jar C:\Users\Sandoval\Desktop\jmeter\apache-jmeter-5.6.3\lib\ext\bzm-repositories-plugin-1.2.jar with filter ExtendsClassFilter [parents=[interface org.apache.jmeter.gui.action.Command], inner=false, contains=null, notContains=null]. Consider exposing JMeter plugins via META-INF/services, and add JMeter-Skip-Class-Scanning=true manifest attribute so JMeter can skip classfile scanning
2024-06-12 13:18:00,878 INFO o.a.j.r.ClassFinder: Will scan jar C:\Users\Sandoval\Desktop\jmeter\apache-jmeter-5.6.3\lib\ext\jmeter-bzm-http2-2.0.5.jar with filter ExtendsClassFilter [parents=[interface org.apache.jmeter.gui.action.Command], inner=false, contains=null, notContains=null]. Consider exposing JMeter plugins via META-INF/services, and add JMeter-Skip-Class-Scanning=true manifest attribute so JMeter can skip classfile scanning
2024-06-12 13:18:00,894 INFO o.a.j.r.ClassFinder: Will scan jar C:\Users\Sandoval\Desktop\jmeter\apache-jmeter-5.6.3\lib\ext\jmeter-debugger-0.6.jar with filter ExtendsClassFilter [parents=[interface org.apache.jmeter.gui.action.Command], inner=false, contains=null, notContains=null]. Consider exposing JMeter plugins via META-INF/services, and add JMeter-Skip-Class-Scanning=true manifest attribute so JMeter can skip classfile scanning
2024-06-12 13:18:00,910 INFO o.a.j.r.ClassFinder: Will scan jar C:\Users\Sandoval\Desktop\jmeter\apache-jmeter-5.6.3\lib\ext\jmeter-bzm-correlation-recorder-2.3.jar with filter ExtendsClassFilter [parents=[interface org.apache.jmeter.gui.action.Command], inner=false, contains=null, notContains=null]. Consider exposing JMeter plugins via META-INF/services, and add JMeter-Skip-Class-Scanning=true manifest attribute so JMeter can skip classfile scanning
2024-06-12 13:18:00,965 INFO o.a.j.r.ClassFinder: Will scan jar C:\Users\Sandoval\Desktop\jmeter\apache-jmeter-5.6.3\lib\ext\citrix-jmeter-0.7.7.jar with filter ExtendsClassFilter [parents=[interface org.apache.jmeter.gui.action.Command], inner=false, contains=null, notContains=null]. Consider exposing JMeter plugins via META-INF/services, and add JMeter-Skip-Class-Scanning=true manifest attribute so JMeter can skip classfile scanning
2024-06-12 13:18:01,865 INFO o.a.j.r.ClassFinder: Will scan jar C:\Users\Sandoval\Desktop\jmeter\apache-jmeter-5.6.3\lib\ext\jmeter-plugins-manager-1.10.jar with filter ExtendsClassFilter [parents=[interface org.apache.jmeter.gui.plugin.MenuCreator], inner=false, contains=null, notContains=null]. Consider exposing JMeter plugins via META-INF/services, and add JMeter-Skip-Class-Scanning=true manifest attribute so JMeter can skip classfile scanning
2024-06-12 13:18:01,867 INFO o.a.j.r.ClassFinder: Will scan jar C:\Users\Sandoval\Desktop\jmeter\apache-jmeter-5.6.3\lib\ext\jmeter-bzm-hls-3.1.jar with filter ExtendsClassFilter [parents=[interface org.apache.jmeter.gui.plugin.MenuCreator], inner=false, contains=null, notContains=null]. Consider exposing JMeter plugins via META-INF/services, and add JMeter-Skip-Class-Scanning=true manifest attribute so JMeter can skip classfile scanning
2024-06-12 13:18:01,868 INFO o.a.j.r.ClassFinder: Will scan jar C:\Users\Sandoval\Desktop\jmeter\apache-jmeter-5.6.3\lib\ext\jmeter-plugins-casutg-2.10.jar with filter ExtendsClassFilter [parents=[interface org.apache.jmeter.gui.plugin.MenuCreator], inner=false, contains=null, notContains=null]. Consider exposing JMeter plugins via META-INF/services, and add JMeter-Skip-Class-Scanning=true manifest attribute so JMeter can skip classfile scanning
2024-06-12 13:18:01,871 INFO o.a.j.r.ClassFinder: Will scan jar C:\Users\Sandoval\Desktop\jmeter\apache-jmeter-5.6.3\lib\ext\jmeter-bzm-http2-1.6.2.jar with filter ExtendsClassFilter [parents=[interface org.apache.jmeter.gui.plugin.MenuCreator], inner=false, contains=null, notContains=null]. Consider exposing JMeter plugins via META-INF/services, and add JMeter-Skip-Class-Scanning=true manifest attribute so JMeter can skip classfile scanning
2024-06-12 13:18:01,872 INFO o.a.j.r.ClassFinder: Will scan jar C:\Users\Sandoval\Desktop\jmeter\apache-jmeter-5.6.3\lib\ext\jmeter-bzm-rte-3.3.jar with filter ExtendsClassFilter [parents=[interface org.apache.jmeter.gui.plugin.MenuCreator], inner=false, contains=null, notContains=null]. Consider exposing JMeter plugins via META-INF/services, and add JMeter-Skip-Class-Scanning=true manifest attribute so JMeter can skip classfile scanning
2024-06-12 13:18:01,873 INFO o.a.j.r.ClassFinder: Will scan jar C:\Users\Sandoval\Desktop\jmeter\apache-jmeter-5.6.3\lib\ext\jmeter-plugins-senseuploader-3.5.jar with filter ExtendsClassFilter [parents=[interface org.apache.jmeter.gui.plugin.MenuCreator], inner=false, contains=null, notContains=null]. Consider exposing JMeter plugins via META-INF/services, and add JMeter-Skip-Class-Scanning=true manifest attribute so JMeter can skip classfile scanning
2024-06-12 13:18:01,874 INFO o.a.j.r.ClassFinder: Will scan jar C:\Users\Sandoval\Desktop\jmeter\apache-jmeter-5.6.3\lib\ext\bzm-repositories-plugin-1.2.jar with filter ExtendsClassFilter [parents=[interface org.apache.jmeter.gui.plugin.MenuCreator], inner=false, contains=null, notContains=null]. Consider exposing JMeter plugins via META-INF/services, and add JMeter-Skip-Class-Scanning=true manifest attribute so JMeter can skip classfile scanning
2024-06-12 13:18:01,880 INFO o.a.j.r.ClassFinder: Will scan jar C:\Users\Sandoval\Desktop\jmeter\apache-jmeter-5.6.3\lib\ext\jmeter-bzm-http2-2.0.5.jar with filter ExtendsClassFilter [parents=[interface org.apache.jmeter.gui.plugin.MenuCreator], inner=false, contains=null, notContains=null]. Consider exposing JMeter plugins via META-INF/services, and add JMeter-Skip-Class-Scanning=true manifest attribute so JMeter can skip classfile scanning
2024-06-12 13:18:01,883 INFO o.a.j.r.ClassFinder: Will scan jar C:\Users\Sandoval\Desktop\jmeter\apache-jmeter-5.6.3\lib\ext\jmeter-debugger-0.6.jar with filter ExtendsClassFilter [parents=[interface org.apache.jmeter.gui.plugin.MenuCreator], inner=false, contains=null, notContains=null]. Consider exposing JMeter plugins via META-INF/services, and add JMeter-Skip-Class-Scanning=true manifest attribute so JMeter can skip classfile scanning
2024-06-12 13:18:01,884 INFO o.a.j.r.ClassFinder: Will scan jar C:\Users\Sandoval\Desktop\jmeter\apache-jmeter-5.6.3\lib\ext\jmeter-bzm-correlation-recorder-2.3.jar with filter ExtendsClassFilter [parents=[interface org.apache.jmeter.gui.plugin.MenuCreator], inner=false, contains=null, notContains=null]. Consider exposing JMeter plugins via META-INF/services, and add JMeter-Skip-Class-Scanning=true manifest attribute so JMeter can skip classfile scanning
2024-06-12 13:18:01,886 INFO o.a.j.r.ClassFinder: Will scan jar C:\Users\Sandoval\Desktop\jmeter\apache-jmeter-5.6.3\lib\ext\citrix-jmeter-0.7.7.jar with filter ExtendsClassFilter [parents=[interface org.apache.jmeter.gui.plugin.MenuCreator], inner=false, contains=null, notContains=null]. Consider exposing JMeter plugins via META-INF/services, and add JMeter-Skip-Class-Scanning=true manifest attribute so JMeter can skip classfile scanning
2024-06-12 13:18:01,966 WARN o.j.r.PluginManager: Found JAR conflict: C:\Users\Sandoval\Desktop\jmeter\apache-jmeter-5.6.3\lib\ext\jmeter-bzm-http2-2.0.5.jar and C:\Users\Sandoval\Desktop\jmeter\apache-jmeter-5.6.3\lib\ext\jmeter-bzm-http2-1.6.2.jar
2024-06-12 13:18:02,043 INFO o.j.r.JARSourceHTTP: Requesting https://jmeter-plugins.org/repo/?installID=windows_10-a708416bb4bad50766a188f8542164f0-gui
2024-06-12 13:18:04,136 INFO o.j.r.PluginManager: Plugins Status: [bzm-jmeter-citrix-plugin=0.7.7, bzm-siebel=2.3, bzm-hls=3.1, bzm-http2-legacy=1.6.2, bzm-http2=2.0.5, bzm-rte=3.3, bzm-repositories=1.2, blazemeter-debugger=0.6, jpgc-sense=3.5, jpgc-casutg=2.10, jpgc-plugins-manager=1.10, jmeter-core=5.6.3, jmeter-ftp=5.6.3, jmeter-http=5.6.3, jmeter-jdbc=5.6.3, jmeter-jms=5.6.3, jmeter-junit=5.6.3, jmeter-java=5.6.3, jmeter-ldap=5.6.3, jmeter-mail=5.6.3, jmeter-mongodb=5.6.3, jmeter-native=5.6.3, jmeter-tcp=5.6.3, jmeter-components=5.6.3]
2024-06-12 13:18:04,139 INFO o.j.r.PluginManagerMenuItem: Plugins Manager has upgrades: [bzm-siebel]
2024-06-12 13:18:05,039 INFO c.b.j.c.i.CitrixInstaller: Checking registry key in HKLM path:SOFTWARE\Wow6432Node\Citrix\Dazzle, key:Version
2024-06-12 13:18:07,240 WARN c.b.j.c.u.CitrixUtils: ERROR! Resource string not found: [when_the_application_starts,_press_the_button]
2024-06-12 13:18:07,286 INFO c.b.j.c.r.g.TemplateUpdater: Checking if we need to refresh XML template file C:\Users\Sandoval\Desktop\jmeter\apache-jmeter-5.6.3\bin\templates/bzmCitrixTemplate.xml
2024-06-12 13:18:07,287 INFO c.b.j.c.r.g.TemplateUpdater: Checking if we need to refresh JMX template file C:\Users\Sandoval\Desktop\jmeter\apache-jmeter-5.6.3\bin\templates/citrixRecordingTemplate.jmx
2024-06-12 13:18:07,290 INFO o.a.j.g.a.t.TemplateManager: Reading templates from: C:\Users\Sandoval\Desktop\jmeter\apache-jmeter-5.6.3\bin\templates\templates.xml
2024-06-12 13:18:07,306 INFO c.b.j.c.r.g.TemplateUpdater: Registering template Template [isTestPlan=true, name=BlazeMeter Citrix Recording, fileName=/bin/templates/citrixRecordingTemplate.jmx, description=
        <h1>Template you can use to record a Citrix application called through ICA Client</h1>
        <p>This template is provided by Citrix Plugin which allows load testing Citrix Applications.<br/>
        Ensure you read Pre-requisites and User Manual before using the plugin. See <b>Useful links</b> below.
        Once the new plan is created update configuration properties on the Citrix Recorder element.
        </p>
        <h2>Useful links</h2>
            <ul>
                <li><a href="https://github.com/Blazemeter/CitrixPlugin/blob/master/PRE_REQUISITES.md" >Pre-requisites</a></li>
                <li><a href="https://github.com/Blazemeter/CitrixPlugin/blob/master/SETUP.md" >Setup</a></li>
                <li><a href="https://github.com/Blazemeter/CitrixPlugin/blob/master/README.md" >User manual</a></li>
                <li><a href="https://github.com/Blazemeter/CitrixPlugin/blob/master/TROUBLESHOOTING.md" >Troubleshooting</a></li>
            </ul>
        , parameters=null]
2024-06-12 13:18:07,411 INFO c.b.j.c.c.t.LocalConfiguration: Installing default files
2024-06-12 13:18:07,421 INFO c.b.j.c.c.t.LocalConfiguration: bzm - Correlation Recorder Test Plan Template installed
2024-06-12 13:18:07,423 INFO c.b.j.c.c.t.LocalConfiguration: Siebel Correlation's Template installed
2024-06-12 13:18:07,424 INFO c.b.j.c.c.t.LocalConfiguration: correlation.properties file loaded
2024-06-12 13:18:07,671 INFO o.a.j.e.KeyToolUtils: keytool found at 'keytool'
2024-06-12 13:18:07,671 INFO o.a.j.p.h.p.ProxyControl: HTTP(S) Test Script Recorder SSL Proxy will use keys that support embedded 3rd party resources in file C:\Users\Sandoval\Desktop\jmeter\apache-jmeter-5.6.3\bin\proxyserver.jks
2024-06-12 13:18:07,805 INFO o.a.j.p.h.s.HTTPSamplerBase: Parser for text/html is org.apache.jmeter.protocol.http.parser.LagartoBasedHtmlParser
2024-06-12 13:18:07,805 INFO o.a.j.p.h.s.HTTPSamplerBase: Parser for application/xhtml+xml is org.apache.jmeter.protocol.http.parser.LagartoBasedHtmlParser
2024-06-12 13:18:07,805 INFO o.a.j.p.h.s.HTTPSamplerBase: Parser for application/xml is org.apache.jmeter.protocol.http.parser.LagartoBasedHtmlParser
2024-06-12 13:18:07,805 INFO o.a.j.p.h.s.HTTPSamplerBase: Parser for text/xml is org.apache.jmeter.protocol.http.parser.LagartoBasedHtmlParser
2024-06-12 13:18:07,805 INFO o.a.j.p.h.s.HTTPSamplerBase: Parser for text/vnd.wap.wml is org.apache.jmeter.protocol.http.parser.RegexpHTMLParser
2024-06-12 13:18:07,805 INFO o.a.j.p.h.s.HTTPSamplerBase: Parser for text/css is org.apache.jmeter.protocol.http.parser.CssParser
2024-06-12 13:18:08,057 INFO o.a.j.s.SaveService: Testplan (JMX) version: 2.2. Testlog (JTL) version: 2.2
2024-06-12 13:18:08,063 INFO o.a.j.s.SaveService: Using SaveService properties version 5.0
2024-06-12 13:18:08,065 INFO o.a.j.s.SaveService: Using SaveService properties file encoding UTF-8
2024-06-12 13:18:08,177 WARN o.a.j.u.JMeterUtils: no icon for toolbar/19x19arrow-right-3.png
2024-06-12 13:18:08,182 INFO o.a.j.s.SampleResult: Note: Sample TimeStamps are START times
2024-06-12 13:18:08,182 INFO o.a.j.s.SampleResult: sampleresult.default.encoding is set to UTF-8
2024-06-12 13:18:08,182 INFO o.a.j.s.SampleResult: sampleresult.useNanoTime=true
2024-06-12 13:18:08,182 INFO o.a.j.s.SampleResult: sampleresult.nanoThreadSleep=5000
2024-06-12 13:18:08,312 INFO o.a.j.r.ClassFinder: Will scan jar C:\Users\Sandoval\Desktop\jmeter\apache-jmeter-5.6.3\lib\ext\jmeter-plugins-manager-1.10.jar with filter ExtendsClassFilter [parents=[interface org.apache.jmeter.visualizers.RequestView], inner=false, contains=null, notContains=null]. Consider exposing JMeter plugins via META-INF/services, and add JMeter-Skip-Class-Scanning=true manifest attribute so JMeter can skip classfile scanning
2024-06-12 13:18:08,313 INFO o.a.j.r.ClassFinder: Will scan jar C:\Users\Sandoval\Desktop\jmeter\apache-jmeter-5.6.3\lib\ext\jmeter-bzm-hls-3.1.jar with filter ExtendsClassFilter [parents=[interface org.apache.jmeter.visualizers.RequestView], inner=false, contains=null, notContains=null]. Consider exposing JMeter plugins via META-INF/services, and add JMeter-Skip-Class-Scanning=true manifest attribute so JMeter can skip classfile scanning
2024-06-12 13:18:08,314 INFO o.a.j.r.ClassFinder: Will scan jar C:\Users\Sandoval\Desktop\jmeter\apache-jmeter-5.6.3\lib\ext\jmeter-plugins-casutg-2.10.jar with filter ExtendsClassFilter [parents=[interface org.apache.jmeter.visualizers.RequestView], inner=false, contains=null, notContains=null]. Consider exposing JMeter plugins via META-INF/services, and add JMeter-Skip-Class-Scanning=true manifest attribute so JMeter can skip classfile scanning
2024-06-12 13:18:08,317 INFO o.a.j.r.ClassFinder: Will scan jar C:\Users\Sandoval\Desktop\jmeter\apache-jmeter-5.6.3\lib\ext\jmeter-bzm-http2-1.6.2.jar with filter ExtendsClassFilter [parents=[interface org.apache.jmeter.visualizers.RequestView], inner=false, contains=null, notContains=null]. Consider exposing JMeter plugins via META-INF/services, and add JMeter-Skip-Class-Scanning=true manifest attribute so JMeter can skip classfile scanning
2024-06-12 13:18:08,317 INFO o.a.j.r.ClassFinder: Will scan jar C:\Users\Sandoval\Desktop\jmeter\apache-jmeter-5.6.3\lib\ext\jmeter-bzm-rte-3.3.jar with filter ExtendsClassFilter [parents=[interface org.apache.jmeter.visualizers.RequestView], inner=false, contains=null, notContains=null]. Consider exposing JMeter plugins via META-INF/services, and add JMeter-Skip-Class-Scanning=true manifest attribute so JMeter can skip classfile scanning
2024-06-12 13:18:08,318 INFO o.a.j.r.ClassFinder: Will scan jar C:\Users\Sandoval\Desktop\jmeter\apache-jmeter-5.6.3\lib\ext\jmeter-plugins-senseuploader-3.5.jar with filter ExtendsClassFilter [parents=[interface org.apache.jmeter.visualizers.RequestView], inner=false, contains=null, notContains=null]. Consider exposing JMeter plugins via META-INF/services, and add JMeter-Skip-Class-Scanning=true manifest attribute so JMeter can skip classfile scanning
2024-06-12 13:18:08,319 INFO o.a.j.r.ClassFinder: Will scan jar C:\Users\Sandoval\Desktop\jmeter\apache-jmeter-5.6.3\lib\ext\bzm-repositories-plugin-1.2.jar with filter ExtendsClassFilter [parents=[interface org.apache.jmeter.visualizers.RequestView], inner=false, contains=null, notContains=null]. Consider exposing JMeter plugins via META-INF/services, and add JMeter-Skip-Class-Scanning=true manifest attribute so JMeter can skip classfile scanning
2024-06-12 13:18:08,322 INFO o.a.j.r.ClassFinder: Will scan jar C:\Users\Sandoval\Desktop\jmeter\apache-jmeter-5.6.3\lib\ext\jmeter-bzm-http2-2.0.5.jar with filter ExtendsClassFilter [parents=[interface org.apache.jmeter.visualizers.RequestView], inner=false, contains=null, notContains=null]. Consider exposing JMeter plugins via META-INF/services, and add JMeter-Skip-Class-Scanning=true manifest attribute so JMeter can skip classfile scanning
2024-06-12 13:18:08,324 INFO o.a.j.r.ClassFinder: Will scan jar C:\Users\Sandoval\Desktop\jmeter\apache-jmeter-5.6.3\lib\ext\jmeter-debugger-0.6.jar with filter ExtendsClassFilter [parents=[interface org.apache.jmeter.visualizers.RequestView], inner=false, contains=null, notContains=null]. Consider exposing JMeter plugins via META-INF/services, and add JMeter-Skip-Class-Scanning=true manifest attribute so JMeter can skip classfile scanning
2024-06-12 13:18:08,325 INFO o.a.j.r.ClassFinder: Will scan jar C:\Users\Sandoval\Desktop\jmeter\apache-jmeter-5.6.3\lib\ext\jmeter-bzm-correlation-recorder-2.3.jar with filter ExtendsClassFilter [parents=[interface org.apache.jmeter.visualizers.RequestView], inner=false, contains=null, notContains=null]. Consider exposing JMeter plugins via META-INF/services, and add JMeter-Skip-Class-Scanning=true manifest attribute so JMeter can skip classfile scanning
2024-06-12 13:18:08,326 INFO o.a.j.r.ClassFinder: Will scan jar C:\Users\Sandoval\Desktop\jmeter\apache-jmeter-5.6.3\lib\ext\citrix-jmeter-0.7.7.jar with filter ExtendsClassFilter [parents=[interface org.apache.jmeter.visualizers.RequestView], inner=false, contains=null, notContains=null]. Consider exposing JMeter plugins via META-INF/services, and add JMeter-Skip-Class-Scanning=true manifest attribute so JMeter can skip classfile scanning
2024-06-12 13:18:09,194 INFO o.a.j.s.FileServer: Default base='C:\Users\Sandoval\Desktop\jmeter\epidata'
2024-06-12 13:18:09,197 INFO o.a.j.g.a.Load: Loading file: C:\Users\Sandoval\Desktop\jmeter\epidata\-2.jmx
2024-06-12 13:18:09,197 INFO o.a.j.s.FileServer: Set new base='C:\Users\Sandoval\Desktop\jmeter\epidata'
2024-06-12 13:18:09,197 INFO o.a.j.s.SaveService: Loading file: C:\Users\Sandoval\Desktop\jmeter\epidata\-2.jmx
2024-06-12 13:18:09,371 INFO o.a.j.p.h.c.CookieManager: Settings: Delete null: true Check: true Allow variable: true Save: false Prefix: COOKIE_
2024-06-12 13:18:09,830 INFO o.a.j.r.ClassFinder: Will scan jar C:\Users\Sandoval\Desktop\jmeter\apache-jmeter-5.6.3\lib\ext\jmeter-plugins-manager-1.10.jar with filter ExtendsClassFilter [parents=[interface org.apache.jmeter.visualizers.ResultRenderer], inner=false, contains=null, notContains=null]. Consider exposing JMeter plugins via META-INF/services, and add JMeter-Skip-Class-Scanning=true manifest attribute so JMeter can skip classfile scanning
2024-06-12 13:18:09,831 INFO o.a.j.r.ClassFinder: Will scan jar C:\Users\Sandoval\Desktop\jmeter\apache-jmeter-5.6.3\lib\ext\jmeter-bzm-hls-3.1.jar with filter ExtendsClassFilter [parents=[interface org.apache.jmeter.visualizers.ResultRenderer], inner=false, contains=null, notContains=null]. Consider exposing JMeter plugins via META-INF/services, and add JMeter-Skip-Class-Scanning=true manifest attribute so JMeter can skip classfile scanning
2024-06-12 13:18:09,832 INFO o.a.j.r.ClassFinder: Will scan jar C:\Users\Sandoval\Desktop\jmeter\apache-jmeter-5.6.3\lib\ext\jmeter-plugins-casutg-2.10.jar with filter ExtendsClassFilter [parents=[interface org.apache.jmeter.visualizers.ResultRenderer], inner=false, contains=null, notContains=null]. Consider exposing JMeter plugins via META-INF/services, and add JMeter-Skip-Class-Scanning=true manifest attribute so JMeter can skip classfile scanning
2024-06-12 13:18:09,834 INFO o.a.j.r.ClassFinder: Will scan jar C:\Users\Sandoval\Desktop\jmeter\apache-jmeter-5.6.3\lib\ext\jmeter-bzm-http2-1.6.2.jar with filter ExtendsClassFilter [parents=[interface org.apache.jmeter.visualizers.ResultRenderer], inner=false, contains=null, notContains=null]. Consider exposing JMeter plugins via META-INF/services, and add JMeter-Skip-Class-Scanning=true manifest attribute so JMeter can skip classfile scanning
2024-06-12 13:18:09,835 INFO o.a.j.r.ClassFinder: Will scan jar C:\Users\Sandoval\Desktop\jmeter\apache-jmeter-5.6.3\lib\ext\jmeter-bzm-rte-3.3.jar with filter ExtendsClassFilter [parents=[interface org.apache.jmeter.visualizers.ResultRenderer], inner=false, contains=null, notContains=null]. Consider exposing JMeter plugins via META-INF/services, and add JMeter-Skip-Class-Scanning=true manifest attribute so JMeter can skip classfile scanning
2024-06-12 13:18:09,835 INFO o.a.j.r.ClassFinder: Will scan jar C:\Users\Sandoval\Desktop\jmeter\apache-jmeter-5.6.3\lib\ext\jmeter-plugins-senseuploader-3.5.jar with filter ExtendsClassFilter [parents=[interface org.apache.jmeter.visualizers.ResultRenderer], inner=false, contains=null, notContains=null]. Consider exposing JMeter plugins via META-INF/services, and add JMeter-Skip-Class-Scanning=true manifest attribute so JMeter can skip classfile scanning
2024-06-12 13:18:09,836 INFO o.a.j.r.ClassFinder: Will scan jar C:\Users\Sandoval\Desktop\jmeter\apache-jmeter-5.6.3\lib\ext\bzm-repositories-plugin-1.2.jar with filter ExtendsClassFilter [parents=[interface org.apache.jmeter.visualizers.ResultRenderer], inner=false, contains=null, notContains=null]. Consider exposing JMeter plugins via META-INF/services, and add JMeter-Skip-Class-Scanning=true manifest attribute so JMeter can skip classfile scanning
2024-06-12 13:18:09,840 INFO o.a.j.r.ClassFinder: Will scan jar C:\Users\Sandoval\Desktop\jmeter\apache-jmeter-5.6.3\lib\ext\jmeter-bzm-http2-2.0.5.jar with filter ExtendsClassFilter [parents=[interface org.apache.jmeter.visualizers.ResultRenderer], inner=false, contains=null, notContains=null]. Consider exposing JMeter plugins via META-INF/services, and add JMeter-Skip-Class-Scanning=true manifest attribute so JMeter can skip classfile scanning
2024-06-12 13:18:09,841 INFO o.a.j.r.ClassFinder: Will scan jar C:\Users\Sandoval\Desktop\jmeter\apache-jmeter-5.6.3\lib\ext\jmeter-debugger-0.6.jar with filter ExtendsClassFilter [parents=[interface org.apache.jmeter.visualizers.ResultRenderer], inner=false, contains=null, notContains=null]. Consider exposing JMeter plugins via META-INF/services, and add JMeter-Skip-Class-Scanning=true manifest attribute so JMeter can skip classfile scanning
2024-06-12 13:18:09,842 INFO o.a.j.r.ClassFinder: Will scan jar C:\Users\Sandoval\Desktop\jmeter\apache-jmeter-5.6.3\lib\ext\jmeter-bzm-correlation-recorder-2.3.jar with filter ExtendsClassFilter [parents=[interface org.apache.jmeter.visualizers.ResultRenderer], inner=false, contains=null, notContains=null]. Consider exposing JMeter plugins via META-INF/services, and add JMeter-Skip-Class-Scanning=true manifest attribute so JMeter can skip classfile scanning
2024-06-12 13:18:09,844 INFO o.a.j.r.ClassFinder: Will scan jar C:\Users\Sandoval\Desktop\jmeter\apache-jmeter-5.6.3\lib\ext\citrix-jmeter-0.7.7.jar with filter ExtendsClassFilter [parents=[interface org.apache.jmeter.visualizers.ResultRenderer], inner=false, contains=null, notContains=null]. Consider exposing JMeter plugins via META-INF/services, and add JMeter-Skip-Class-Scanning=true manifest attribute so JMeter can skip classfile scanning
2024-06-12 13:18:09,867 INFO o.a.j.r.ClassFinder: Will scan jar C:\Users\Sandoval\Desktop\jmeter\apache-jmeter-5.6.3\lib\ext\jmeter-plugins-manager-1.10.jar with filter ExtendsClassFilter [parents=[interface org.apache.jmeter.visualizers.RequestView], inner=false, contains=null, notContains=null]. Consider exposing JMeter plugins via META-INF/services, and add JMeter-Skip-Class-Scanning=true manifest attribute so JMeter can skip classfile scanning
2024-06-12 13:18:09,869 INFO o.a.j.r.ClassFinder: Will scan jar C:\Users\Sandoval\Desktop\jmeter\apache-jmeter-5.6.3\lib\ext\jmeter-bzm-hls-3.1.jar with filter ExtendsClassFilter [parents=[interface org.apache.jmeter.visualizers.RequestView], inner=false, contains=null, notContains=null]. Consider exposing JMeter plugins via META-INF/services, and add JMeter-Skip-Class-Scanning=true manifest attribute so JMeter can skip classfile scanning
2024-06-12 13:18:09,869 INFO o.a.j.r.ClassFinder: Will scan jar C:\Users\Sandoval\Desktop\jmeter\apache-jmeter-5.6.3\lib\ext\jmeter-plugins-casutg-2.10.jar with filter ExtendsClassFilter [parents=[interface org.apache.jmeter.visualizers.RequestView], inner=false, contains=null, notContains=null]. Consider exposing JMeter plugins via META-INF/services, and add JMeter-Skip-Class-Scanning=true manifest attribute so JMeter can skip classfile scanning
2024-06-12 13:18:09,871 INFO o.a.j.r.ClassFinder: Will scan jar C:\Users\Sandoval\Desktop\jmeter\apache-jmeter-5.6.3\lib\ext\jmeter-bzm-http2-1.6.2.jar with filter ExtendsClassFilter [parents=[interface org.apache.jmeter.visualizers.RequestView], inner=false, contains=null, notContains=null]. Consider exposing JMeter plugins via META-INF/services, and add JMeter-Skip-Class-Scanning=true manifest attribute so JMeter can skip classfile scanning
2024-06-12 13:18:09,872 INFO o.a.j.r.ClassFinder: Will scan jar C:\Users\Sandoval\Desktop\jmeter\apache-jmeter-5.6.3\lib\ext\jmeter-bzm-rte-3.3.jar with filter ExtendsClassFilter [parents=[interface org.apache.jmeter.visualizers.RequestView], inner=false, contains=null, notContains=null]. Consider exposing JMeter plugins via META-INF/services, and add JMeter-Skip-Class-Scanning=true manifest attribute so JMeter can skip classfile scanning
2024-06-12 13:18:09,873 INFO o.a.j.r.ClassFinder: Will scan jar C:\Users\Sandoval\Desktop\jmeter\apache-jmeter-5.6.3\lib\ext\jmeter-plugins-senseuploader-3.5.jar with filter ExtendsClassFilter [parents=[interface org.apache.jmeter.visualizers.RequestView], inner=false, contains=null, notContains=null]. Consider exposing JMeter plugins via META-INF/services, and add JMeter-Skip-Class-Scanning=true manifest attribute so JMeter can skip classfile scanning
2024-06-12 13:18:09,873 INFO o.a.j.r.ClassFinder: Will scan jar C:\Users\Sandoval\Desktop\jmeter\apache-jmeter-5.6.3\lib\ext\bzm-repositories-plugin-1.2.jar with filter ExtendsClassFilter [parents=[interface org.apache.jmeter.visualizers.RequestView], inner=false, contains=null, notContains=null]. Consider exposing JMeter plugins via META-INF/services, and add JMeter-Skip-Class-Scanning=true manifest attribute so JMeter can skip classfile scanning
2024-06-12 13:18:09,877 INFO o.a.j.r.ClassFinder: Will scan jar C:\Users\Sandoval\Desktop\jmeter\apache-jmeter-5.6.3\lib\ext\jmeter-bzm-http2-2.0.5.jar with filter ExtendsClassFilter [parents=[interface org.apache.jmeter.visualizers.RequestView], inner=false, contains=null, notContains=null]. Consider exposing JMeter plugins via META-INF/services, and add JMeter-Skip-Class-Scanning=true manifest attribute so JMeter can skip classfile scanning
2024-06-12 13:18:09,878 INFO o.a.j.r.ClassFinder: Will scan jar C:\Users\Sandoval\Desktop\jmeter\apache-jmeter-5.6.3\lib\ext\jmeter-debugger-0.6.jar with filter ExtendsClassFilter [parents=[interface org.apache.jmeter.visualizers.RequestView], inner=false, contains=null, notContains=null]. Consider exposing JMeter plugins via META-INF/services, and add JMeter-Skip-Class-Scanning=true manifest attribute so JMeter can skip classfile scanning
2024-06-12 13:18:09,879 INFO o.a.j.r.ClassFinder: Will scan jar C:\Users\Sandoval\Desktop\jmeter\apache-jmeter-5.6.3\lib\ext\jmeter-bzm-correlation-recorder-2.3.jar with filter ExtendsClassFilter [parents=[interface org.apache.jmeter.visualizers.RequestView], inner=false, contains=null, notContains=null]. Consider exposing JMeter plugins via META-INF/services, and add JMeter-Skip-Class-Scanning=true manifest attribute so JMeter can skip classfile scanning
2024-06-12 13:18:09,880 INFO o.a.j.r.ClassFinder: Will scan jar C:\Users\Sandoval\Desktop\jmeter\apache-jmeter-5.6.3\lib\ext\citrix-jmeter-0.7.7.jar with filter ExtendsClassFilter [parents=[interface org.apache.jmeter.visualizers.RequestView], inner=false, contains=null, notContains=null]. Consider exposing JMeter plugins via META-INF/services, and add JMeter-Skip-Class-Scanning=true manifest attribute so JMeter can skip classfile scanning
2024-06-12 13:18:09,929 INFO o.a.j.s.FileServer: Set new base='C:\Users\Sandoval\Desktop\jmeter\epidata'
